#
# There is insufficient memory for the Java Runtime Environment to continue.
# Native memory allocation (malloc) failed to allocate 355696 bytes for Chunk::new
# Possible reasons:
#   The system is out of physical RAM or swap space
#   The process is running with CompressedOops enabled, and the Java Heap may be blocking the growth of the native heap
# Possible solutions:
#   Reduce memory load on the system
#   Increase physical memory or swap space
#   Check if swap backing store is full
#   Decrease Java heap size (-Xmx/-Xms)
#   Decrease number of Java threads
#   Decrease Java thread stack sizes (-Xss)
#   Set larger code cache with -XX:ReservedCodeCacheSize=
#   JVM is running with Unscaled Compressed Oops mode in which the Java heap is
#     placed in the first 4GB address space. The Java Heap base address is the
#     maximum limit for the native heap growth. Please use -XX:HeapBaseMinAddress
#     to set the Java Heap base and to place the Java Heap above 4GB virtual address.
# This output file may be truncated or incomplete.
#
#  Out of Memory Error (./open/src/hotspot/share/memory/arena.cpp:197), pid=8164, tid=19888
#
# JRE version: Java(TM) SE Runtime Environment 18.9 (11.0.18+9) (build 11.0.18+9-LTS-195)
# Java VM: Java HotSpot(TM) 64-Bit Server VM 18.9 (11.0.18+9-LTS-195, mixed mode, tiered, compressed oops, g1 gc, windows-amd64)
# No core dump will be written. Minidumps are not enabled by default on client versions of Windows
#

---------------  S U M M A R Y ------------

Command Line: -Dfile.encoding=Cp1252 Practice.Assignment_12_AppleVacations_GetTitleAndURL

Host: Intel(R) Core(TM) i5-8250U CPU @ 1.60GHz, 8 cores, 7G,  Windows 11 , 64 bit Build 22621 (10.0.22621.1194)
Time: Tue Mar 21 18:27:18 2023 Eastern Daylight Time elapsed time: 4.603568 seconds (0d 0h 0m 4s)

---------------  T H R E A D  ---------------

Current thread (0x000001a2e3fee800):  JavaThread "C2 CompilerThread0" daemon [_thread_in_native, id=19888, stack(0x00000072d9100000,0x00000072d9200000)]


Current CompileTask:
C2:   4603 1633 % !   4       java.util.concurrent.ConcurrentHashMap::transfer @ 372 (828 bytes)

Stack: [0x00000072d9100000,0x00000072d9200000]
Native frames: (J=compiled Java code, j=interpreted, Vv=VM code, C=native code)
V  [jvm.dll+0x65d8aa]
V  [jvm.dll+0x79fc1f]
V  [jvm.dll+0x7a12e9]
V  [jvm.dll+0x7a1983]
V  [jvm.dll+0x2585b5]
V  [jvm.dll+0xb284c]
V  [jvm.dll+0xb2e0c]
V  [jvm.dll+0x365e21]
V  [jvm.dll+0x32eb15]
V  [jvm.dll+0x32defa]
V  [jvm.dll+0x2113ad]
V  [jvm.dll+0x210378]
V  [jvm.dll+0x18c641]
V  [jvm.dll+0x220609]
V  [jvm.dll+0x21e92c]
V  [jvm.dll+0x763f61]
V  [jvm.dll+0x75c924]
V  [jvm.dll+0x65c755]
C  [ucrtbase.dll+0x29363]
C  [KERNEL32.DLL+0x126bd]
C  [ntdll.dll+0x5dfb8]


---------------  P R O C E S S  ---------------

Threads class SMR info:
_java_thread_list=0x000001a2e52a4210, length=20, elements={
0x000001a2c57cf000, 0x000001a2e36c8000, 0x000001a2e36d1000, 0x000001a2e3fe6000,
0x000001a2e3fe8000, 0x000001a2e3feb800, 0x000001a2e3fee800, 0x000001a2e403c800,
0x000001a2e4064800, 0x000001a2e41eb000, 0x000001a2e41ea000, 0x000001a2e41ec000,
0x000001a2e41e9800, 0x000001a2e41e8800, 0x000001a2e41ec800, 0x000001a2e41ed800,
0x000001a2e41ee800, 0x000001a2e41ef000, 0x000001a2e516e000, 0x000001a2e516e800
}

Java Threads: ( => current thread )
  0x000001a2c57cf000 JavaThread "Forwarding newSession on session null to remote" [_thread_in_vm, id=20164, stack(0x00000072d8500000,0x00000072d8600000)]
  0x000001a2e36c8000 JavaThread "Reference Handler" daemon [_thread_blocked, id=1152, stack(0x00000072d8c00000,0x00000072d8d00000)]
  0x000001a2e36d1000 JavaThread "Finalizer" daemon [_thread_blocked, id=15556, stack(0x00000072d8d00000,0x00000072d8e00000)]
  0x000001a2e3fe6000 JavaThread "Signal Dispatcher" daemon [_thread_blocked, id=15432, stack(0x00000072d8e00000,0x00000072d8f00000)]
  0x000001a2e3fe8000 JavaThread "Attach Listener" daemon [_thread_blocked, id=5556, stack(0x00000072d8f00000,0x00000072d9000000)]
  0x000001a2e3feb800 JavaThread "Service Thread" daemon [_thread_blocked, id=19360, stack(0x00000072d9000000,0x00000072d9100000)]
=>0x000001a2e3fee800 JavaThread "C2 CompilerThread0" daemon [_thread_in_native, id=19888, stack(0x00000072d9100000,0x00000072d9200000)]
  0x000001a2e403c800 JavaThread "C1 CompilerThread0" daemon [_thread_in_native, id=8968, stack(0x00000072d9200000,0x00000072d9300000)]
  0x000001a2e4064800 JavaThread "Sweeper thread" daemon [_thread_blocked, id=13692, stack(0x00000072d9300000,0x00000072d9400000)]
  0x000001a2e41eb000 JavaThread "Common-Cleaner" daemon [_thread_blocked, id=3480, stack(0x00000072d9500000,0x00000072d9600000)]
  0x000001a2e41ea000 JavaThread "ForkJoinPool.commonPool-worker-3" daemon [_thread_blocked, id=14572, stack(0x00000072d9600000,0x00000072d9700000)]
  0x000001a2e41ec000 JavaThread "AsyncHttpClient-1-1" daemon [_thread_blocked, id=11332, stack(0x00000072d9a00000,0x00000072d9b00000)]
  0x000001a2e41e9800 JavaThread "Exec Default Executor" daemon [_thread_in_native, id=2708, stack(0x00000072d9b00000,0x00000072d9c00000)]
  0x000001a2e41e8800 JavaThread "Exec Stream Pumper" daemon [_thread_in_native, id=12772, stack(0x00000072d9c00000,0x00000072d9d00000)]
  0x000001a2e41ec800 JavaThread "Exec Stream Pumper" daemon [_thread_in_native, id=11056, stack(0x00000072d9d00000,0x00000072d9e00000)]
  0x000001a2e41ed800 JavaThread "Driver Service Executor" daemon [_thread_blocked, id=14064, stack(0x00000072d9e00000,0x00000072d9f00000)]
  0x000001a2e41ee800 JavaThread "Driver Service Executor" daemon [_thread_blocked, id=6508, stack(0x00000072d9f00000,0x00000072da000000)]
  0x000001a2e41ef000 JavaThread "UrlChecker-2" daemon [_thread_blocked, id=13432, stack(0x00000072da000000,0x00000072da100000)]
  0x000001a2e516e000 JavaThread "Keep-Alive-Timer" daemon [_thread_blocked, id=12212, stack(0x00000072d9700000,0x00000072d9800000)]
  0x000001a2e516e800 JavaThread "AsyncHttpClient-1-2" daemon [_thread_in_native, id=9964, stack(0x00000072da400000,0x00000072da500000)]

Other Threads:
  0x000001a2e36c6800 VMThread "VM Thread" [stack: 0x00000072d8b00000,0x00000072d8c00000] [id=7404]
  0x000001a2e41e4800 WatcherThread [stack: 0x00000072d9400000,0x00000072d9500000] [id=14080]
  0x000001a2c57e4000 GCTaskThread "GC Thread#0" [stack: 0x00000072d8600000,0x00000072d8700000] [id=9032]
  0x000001a2e5042800 GCTaskThread "GC Thread#1" [stack: 0x00000072d9800000,0x00000072d9900000] [id=3176]
  0x000001a2e4d56000 GCTaskThread "GC Thread#2" [stack: 0x00000072d9900000,0x00000072d9a00000] [id=14124]
  0x000001a2c5813000 ConcurrentGCThread "G1 Main Marker" [stack: 0x00000072d8700000,0x00000072d8800000] [id=3832]
  0x000001a2c581b000 ConcurrentGCThread "G1 Conc#0" [stack: 0x00000072d8800000,0x00000072d8900000] [id=20432]
  0x000001a2e50cc800 ConcurrentGCThread "G1 Conc#1" [stack: 0x00000072da300000,0x00000072da400000] [id=10868]
  0x000001a2e350c800 ConcurrentGCThread "G1 Refine#0" [stack: 0x00000072d8900000,0x00000072d8a00000] [id=11236]
  0x000001a2e350f000 ConcurrentGCThread "G1 Young RemSet Sampling" [stack: 0x00000072d8a00000,0x00000072d8b00000] [id=4232]

Threads with active compile tasks:
C2 CompilerThread0     4644 1633 % !   4       java.util.concurrent.ConcurrentHashMap::transfer @ 372 (828 bytes)

VM state:not at safepoint (normal execution)

VM Mutex/Monitor currently owned by a thread: None

Heap address: 0x0000000082800000, size: 2008 MB, Compressed Oops mode: 32-bit
Narrow klass base: 0x0000000000000000, Narrow klass shift: 3
Compressed class space size: 1073741824 Address: 0x0000000100000000

Heap:
 garbage-first heap   total 129024K, used 30348K [0x0000000082800000, 0x0000000100000000)
  region size 1024K, 26 young (26624K), 7 survivors (7168K)
 Metaspace       used 23359K, capacity 23909K, committed 24192K, reserved 1071104K
  class space    used 2665K, capacity 2862K, committed 2944K, reserved 1048576K
Heap Regions: E=young(eden), S=young(survivor), O=old, HS=humongous(starts), HC=humongous(continues), CS=collection set, F=free, A=archive, TAMS=top-at-mark-start (previous, next)
|   0|0x0000000082800000, 0x0000000082900000, 0x0000000082900000|100%| O|  |TAMS 0x0000000082900000, 0x0000000082800000| Untracked 
|   1|0x0000000082900000, 0x0000000082950400, 0x0000000082a00000| 31%| O|  |TAMS 0x0000000082950400, 0x0000000082900000| Untracked 
|   2|0x0000000082a00000, 0x0000000082b00000, 0x0000000082b00000|100%|HS|  |TAMS 0x0000000082a00000, 0x0000000082a00000| Complete 
|   3|0x0000000082b00000, 0x0000000082c00000, 0x0000000082c00000|100%|HC|  |TAMS 0x0000000082b00000, 0x0000000082b00000| Complete 
|   4|0x0000000082c00000, 0x0000000082d00000, 0x0000000082d00000|100%|HC|  |TAMS 0x0000000082c00000, 0x0000000082c00000| Complete 
|   5|0x0000000082d00000, 0x0000000082e00000, 0x0000000082e00000|100%|HC|  |TAMS 0x0000000082d00000, 0x0000000082d00000| Complete 
|   6|0x0000000082e00000, 0x0000000082f00000, 0x0000000082f00000|100%|HC|  |TAMS 0x0000000082e00000, 0x0000000082e00000| Complete 
|   7|0x0000000082f00000, 0x0000000082f00000, 0x0000000083000000|  0%| F|  |TAMS 0x0000000082f00000, 0x0000000082f00000| Untracked 
|   8|0x0000000083000000, 0x0000000083000000, 0x0000000083100000|  0%| F|  |TAMS 0x0000000083000000, 0x0000000083000000| Untracked 
|   9|0x0000000083100000, 0x0000000083100000, 0x0000000083200000|  0%| F|  |TAMS 0x0000000083100000, 0x0000000083100000| Untracked 
|  10|0x0000000083200000, 0x0000000083200000, 0x0000000083300000|  0%| F|  |TAMS 0x0000000083200000, 0x0000000083200000| Untracked 
|  11|0x0000000083300000, 0x0000000083300000, 0x0000000083400000|  0%| F|  |TAMS 0x0000000083300000, 0x0000000083300000| Untracked 
|  12|0x0000000083400000, 0x0000000083400000, 0x0000000083500000|  0%| F|  |TAMS 0x0000000083400000, 0x0000000083400000| Untracked 
|  13|0x0000000083500000, 0x0000000083500000, 0x0000000083600000|  0%| F|  |TAMS 0x0000000083500000, 0x0000000083500000| Untracked 
|  14|0x0000000083600000, 0x0000000083600000, 0x0000000083700000|  0%| F|  |TAMS 0x0000000083600000, 0x0000000083600000| Untracked 
|  15|0x0000000083700000, 0x0000000083700000, 0x0000000083800000|  0%| F|  |TAMS 0x0000000083700000, 0x0000000083700000| Untracked 
|  16|0x0000000083800000, 0x0000000083800000, 0x0000000083900000|  0%| F|  |TAMS 0x0000000083800000, 0x0000000083800000| Untracked 
|  17|0x0000000083900000, 0x0000000083900000, 0x0000000083a00000|  0%| F|  |TAMS 0x0000000083900000, 0x0000000083900000| Untracked 
|  18|0x0000000083a00000, 0x0000000083a00000, 0x0000000083b00000|  0%| F|  |TAMS 0x0000000083a00000, 0x0000000083a00000| Untracked 
|  19|0x0000000083b00000, 0x0000000083b00000, 0x0000000083c00000|  0%| F|  |TAMS 0x0000000083b00000, 0x0000000083b00000| Untracked 
|  20|0x0000000083c00000, 0x0000000083c00000, 0x0000000083d00000|  0%| F|  |TAMS 0x0000000083c00000, 0x0000000083c00000| Untracked 
|  21|0x0000000083d00000, 0x0000000083d00000, 0x0000000083e00000|  0%| F|  |TAMS 0x0000000083d00000, 0x0000000083d00000| Untracked 
|  22|0x0000000083e00000, 0x0000000083e00000, 0x0000000083f00000|  0%| F|  |TAMS 0x0000000083e00000, 0x0000000083e00000| Untracked 
|  23|0x0000000083f00000, 0x0000000083f00000, 0x0000000084000000|  0%| F|  |TAMS 0x0000000083f00000, 0x0000000083f00000| Untracked 
|  24|0x0000000084000000, 0x0000000084000000, 0x0000000084100000|  0%| F|  |TAMS 0x0000000084000000, 0x0000000084000000| Untracked 
|  25|0x0000000084100000, 0x0000000084100000, 0x0000000084200000|  0%| F|  |TAMS 0x0000000084100000, 0x0000000084100000| Untracked 
|  26|0x0000000084200000, 0x0000000084200000, 0x0000000084300000|  0%| F|  |TAMS 0x0000000084200000, 0x0000000084200000| Untracked 
|  27|0x0000000084300000, 0x0000000084300000, 0x0000000084400000|  0%| F|  |TAMS 0x0000000084300000, 0x0000000084300000| Untracked 
|  28|0x0000000084400000, 0x0000000084400000, 0x0000000084500000|  0%| F|  |TAMS 0x0000000084400000, 0x0000000084400000| Untracked 
|  29|0x0000000084500000, 0x0000000084500000, 0x0000000084600000|  0%| F|  |TAMS 0x0000000084500000, 0x0000000084500000| Untracked 
|  30|0x0000000084600000, 0x0000000084600000, 0x0000000084700000|  0%| F|  |TAMS 0x0000000084600000, 0x0000000084600000| Untracked 
|  31|0x0000000084700000, 0x0000000084700000, 0x0000000084800000|  0%| F|  |TAMS 0x0000000084700000, 0x0000000084700000| Untracked 
|  32|0x0000000084800000, 0x0000000084800000, 0x0000000084900000|  0%| F|  |TAMS 0x0000000084800000, 0x0000000084800000| Untracked 
|  33|0x0000000084900000, 0x0000000084900000, 0x0000000084a00000|  0%| F|  |TAMS 0x0000000084900000, 0x0000000084900000| Untracked 
|  34|0x0000000084a00000, 0x0000000084a00000, 0x0000000084b00000|  0%| F|  |TAMS 0x0000000084a00000, 0x0000000084a00000| Untracked 
|  35|0x0000000084b00000, 0x0000000084b00000, 0x0000000084c00000|  0%| F|  |TAMS 0x0000000084b00000, 0x0000000084b00000| Untracked 
|  36|0x0000000084c00000, 0x0000000084c00000, 0x0000000084d00000|  0%| F|  |TAMS 0x0000000084c00000, 0x0000000084c00000| Untracked 
|  37|0x0000000084d00000, 0x0000000084d00000, 0x0000000084e00000|  0%| F|  |TAMS 0x0000000084d00000, 0x0000000084d00000| Untracked 
|  38|0x0000000084e00000, 0x0000000084e00000, 0x0000000084f00000|  0%| F|  |TAMS 0x0000000084e00000, 0x0000000084e00000| Untracked 
|  39|0x0000000084f00000, 0x0000000084f00000, 0x0000000085000000|  0%| F|  |TAMS 0x0000000084f00000, 0x0000000084f00000| Untracked 
|  40|0x0000000085000000, 0x0000000085000000, 0x0000000085100000|  0%| F|  |TAMS 0x0000000085000000, 0x0000000085000000| Untracked 
|  41|0x0000000085100000, 0x0000000085100000, 0x0000000085200000|  0%| F|  |TAMS 0x0000000085100000, 0x0000000085100000| Untracked 
|  42|0x0000000085200000, 0x0000000085200000, 0x0000000085300000|  0%| F|  |TAMS 0x0000000085200000, 0x0000000085200000| Untracked 
|  43|0x0000000085300000, 0x0000000085300000, 0x0000000085400000|  0%| F|  |TAMS 0x0000000085300000, 0x0000000085300000| Untracked 
|  44|0x0000000085400000, 0x0000000085400000, 0x0000000085500000|  0%| F|  |TAMS 0x0000000085400000, 0x0000000085400000| Untracked 
|  45|0x0000000085500000, 0x0000000085500000, 0x0000000085600000|  0%| F|  |TAMS 0x0000000085500000, 0x0000000085500000| Untracked 
|  46|0x0000000085600000, 0x0000000085600000, 0x0000000085700000|  0%| F|  |TAMS 0x0000000085600000, 0x0000000085600000| Untracked 
|  47|0x0000000085700000, 0x0000000085700000, 0x0000000085800000|  0%| F|  |TAMS 0x0000000085700000, 0x0000000085700000| Untracked 
|  48|0x0000000085800000, 0x0000000085800000, 0x0000000085900000|  0%| F|  |TAMS 0x0000000085800000, 0x0000000085800000| Untracked 
|  49|0x0000000085900000, 0x0000000085900000, 0x0000000085a00000|  0%| F|  |TAMS 0x0000000085900000, 0x0000000085900000| Untracked 
|  50|0x0000000085a00000, 0x0000000085a00000, 0x0000000085b00000|  0%| F|  |TAMS 0x0000000085a00000, 0x0000000085a00000| Untracked 
|  51|0x0000000085b00000, 0x0000000085b00000, 0x0000000085c00000|  0%| F|  |TAMS 0x0000000085b00000, 0x0000000085b00000| Untracked 
|  52|0x0000000085c00000, 0x0000000085c00000, 0x0000000085d00000|  0%| F|  |TAMS 0x0000000085c00000, 0x0000000085c00000| Untracked 
|  53|0x0000000085d00000, 0x0000000085d00000, 0x0000000085e00000|  0%| F|  |TAMS 0x0000000085d00000, 0x0000000085d00000| Untracked 
|  54|0x0000000085e00000, 0x0000000085e00000, 0x0000000085f00000|  0%| F|  |TAMS 0x0000000085e00000, 0x0000000085e00000| Untracked 
|  55|0x0000000085f00000, 0x0000000085f00000, 0x0000000086000000|  0%| F|  |TAMS 0x0000000085f00000, 0x0000000085f00000| Untracked 
|  56|0x0000000086000000, 0x0000000086000000, 0x0000000086100000|  0%| F|  |TAMS 0x0000000086000000, 0x0000000086000000| Untracked 
|  57|0x0000000086100000, 0x0000000086100000, 0x0000000086200000|  0%| F|  |TAMS 0x0000000086100000, 0x0000000086100000| Untracked 
|  58|0x0000000086200000, 0x0000000086200000, 0x0000000086300000|  0%| F|  |TAMS 0x0000000086200000, 0x0000000086200000| Untracked 
|  59|0x0000000086300000, 0x0000000086300000, 0x0000000086400000|  0%| F|  |TAMS 0x0000000086300000, 0x0000000086300000| Untracked 
|  60|0x0000000086400000, 0x0000000086400000, 0x0000000086500000|  0%| F|  |TAMS 0x0000000086400000, 0x0000000086400000| Untracked 
|  61|0x0000000086500000, 0x0000000086500000, 0x0000000086600000|  0%| F|  |TAMS 0x0000000086500000, 0x0000000086500000| Untracked 
|  62|0x0000000086600000, 0x0000000086600000, 0x0000000086700000|  0%| F|  |TAMS 0x0000000086600000, 0x0000000086600000| Untracked 
|  63|0x0000000086700000, 0x0000000086700000, 0x0000000086800000|  0%| F|  |TAMS 0x0000000086700000, 0x0000000086700000| Untracked 
|  64|0x0000000086800000, 0x0000000086800000, 0x0000000086900000|  0%| F|  |TAMS 0x0000000086800000, 0x0000000086800000| Untracked 
|  65|0x0000000086900000, 0x0000000086900000, 0x0000000086a00000|  0%| F|  |TAMS 0x0000000086900000, 0x0000000086900000| Untracked 
|  66|0x0000000086a00000, 0x0000000086a00000, 0x0000000086b00000|  0%| F|  |TAMS 0x0000000086a00000, 0x0000000086a00000| Untracked 
|  67|0x0000000086b00000, 0x0000000086b00000, 0x0000000086c00000|  0%| F|  |TAMS 0x0000000086b00000, 0x0000000086b00000| Untracked 
|  68|0x0000000086c00000, 0x0000000086c00000, 0x0000000086d00000|  0%| F|  |TAMS 0x0000000086c00000, 0x0000000086c00000| Untracked 
|  69|0x0000000086d00000, 0x0000000086d00000, 0x0000000086e00000|  0%| F|  |TAMS 0x0000000086d00000, 0x0000000086d00000| Untracked 
|  70|0x0000000086e00000, 0x0000000086e00000, 0x0000000086f00000|  0%| F|  |TAMS 0x0000000086e00000, 0x0000000086e00000| Untracked 
|  71|0x0000000086f00000, 0x0000000086f00000, 0x0000000087000000|  0%| F|  |TAMS 0x0000000086f00000, 0x0000000086f00000| Untracked 
|  72|0x0000000087000000, 0x0000000087000000, 0x0000000087100000|  0%| F|  |TAMS 0x0000000087000000, 0x0000000087000000| Untracked 
|  73|0x0000000087100000, 0x0000000087100000, 0x0000000087200000|  0%| F|  |TAMS 0x0000000087100000, 0x0000000087100000| Untracked 
|  74|0x0000000087200000, 0x0000000087200000, 0x0000000087300000|  0%| F|  |TAMS 0x0000000087200000, 0x0000000087200000| Untracked 
|  75|0x0000000087300000, 0x0000000087300000, 0x0000000087400000|  0%| F|  |TAMS 0x0000000087300000, 0x0000000087300000| Untracked 
|  76|0x0000000087400000, 0x0000000087400000, 0x0000000087500000|  0%| F|  |TAMS 0x0000000087400000, 0x0000000087400000| Untracked 
|  77|0x0000000087500000, 0x0000000087500000, 0x0000000087600000|  0%| F|  |TAMS 0x0000000087500000, 0x0000000087500000| Untracked 
|  78|0x0000000087600000, 0x0000000087600000, 0x0000000087700000|  0%| F|  |TAMS 0x0000000087600000, 0x0000000087600000| Untracked 
|  79|0x0000000087700000, 0x0000000087700000, 0x0000000087800000|  0%| F|  |TAMS 0x0000000087700000, 0x0000000087700000| Untracked 
|  80|0x0000000087800000, 0x0000000087800000, 0x0000000087900000|  0%| F|  |TAMS 0x0000000087800000, 0x0000000087800000| Untracked 
|  81|0x0000000087900000, 0x0000000087900000, 0x0000000087a00000|  0%| F|  |TAMS 0x0000000087900000, 0x0000000087900000| Untracked 
|  82|0x0000000087a00000, 0x0000000087a52dc0, 0x0000000087b00000| 32%| S|CS|TAMS 0x0000000087a00000, 0x0000000087a00000| Complete 
|  83|0x0000000087b00000, 0x0000000087c00000, 0x0000000087c00000|100%| S|CS|TAMS 0x0000000087b00000, 0x0000000087b00000| Complete 
|  84|0x0000000087c00000, 0x0000000087d00000, 0x0000000087d00000|100%| S|CS|TAMS 0x0000000087c00000, 0x0000000087c00000| Complete 
|  85|0x0000000087d00000, 0x0000000087e00000, 0x0000000087e00000|100%| S|CS|TAMS 0x0000000087d00000, 0x0000000087d00000| Complete 
|  86|0x0000000087e00000, 0x0000000087f00000, 0x0000000087f00000|100%| S|CS|TAMS 0x0000000087e00000, 0x0000000087e00000| Complete 
|  87|0x0000000087f00000, 0x0000000088000000, 0x0000000088000000|100%| S|CS|TAMS 0x0000000087f00000, 0x0000000087f00000| Complete 
|  88|0x0000000088000000, 0x0000000088100000, 0x0000000088100000|100%| S|CS|TAMS 0x0000000088000000, 0x0000000088000000| Complete 
|  89|0x0000000088100000, 0x0000000088100000, 0x0000000088200000|  0%| F|  |TAMS 0x0000000088100000, 0x0000000088100000| Untracked 
|  90|0x0000000088200000, 0x0000000088200000, 0x0000000088300000|  0%| F|  |TAMS 0x0000000088200000, 0x0000000088200000| Untracked 
|  91|0x0000000088300000, 0x0000000088300000, 0x0000000088400000|  0%| F|  |TAMS 0x0000000088300000, 0x0000000088300000| Untracked 
|  92|0x0000000088400000, 0x0000000088400000, 0x0000000088500000|  0%| F|  |TAMS 0x0000000088400000, 0x0000000088400000| Untracked 
|  93|0x0000000088500000, 0x0000000088500000, 0x0000000088600000|  0%| F|  |TAMS 0x0000000088500000, 0x0000000088500000| Untracked 
|  94|0x0000000088600000, 0x0000000088600000, 0x0000000088700000|  0%| F|  |TAMS 0x0000000088600000, 0x0000000088600000| Untracked 
|  95|0x0000000088700000, 0x0000000088700000, 0x0000000088800000|  0%| F|  |TAMS 0x0000000088700000, 0x0000000088700000| Untracked 
|  96|0x0000000088800000, 0x0000000088800000, 0x0000000088900000|  0%| F|  |TAMS 0x0000000088800000, 0x0000000088800000| Untracked 
|  97|0x0000000088900000, 0x0000000088900000, 0x0000000088a00000|  0%| F|  |TAMS 0x0000000088900000, 0x0000000088900000| Untracked 
|  98|0x0000000088a00000, 0x0000000088a00000, 0x0000000088b00000|  0%| F|  |TAMS 0x0000000088a00000, 0x0000000088a00000| Untracked 
|  99|0x0000000088b00000, 0x0000000088b00000, 0x0000000088c00000|  0%| F|  |TAMS 0x0000000088b00000, 0x0000000088b00000| Untracked 
| 100|0x0000000088c00000, 0x0000000088c00000, 0x0000000088d00000|  0%| F|  |TAMS 0x0000000088c00000, 0x0000000088c00000| Untracked 
| 101|0x0000000088d00000, 0x0000000088d00000, 0x0000000088e00000|  0%| F|  |TAMS 0x0000000088d00000, 0x0000000088d00000| Untracked 
| 102|0x0000000088e00000, 0x0000000088e00000, 0x0000000088f00000|  0%| F|  |TAMS 0x0000000088e00000, 0x0000000088e00000| Untracked 
| 103|0x0000000088f00000, 0x0000000088f00000, 0x0000000089000000|  0%| F|  |TAMS 0x0000000088f00000, 0x0000000088f00000| Untracked 
| 104|0x0000000089000000, 0x0000000089000000, 0x0000000089100000|  0%| F|  |TAMS 0x0000000089000000, 0x0000000089000000| Untracked 
| 105|0x0000000089100000, 0x0000000089100000, 0x0000000089200000|  0%| F|  |TAMS 0x0000000089100000, 0x0000000089100000| Untracked 
| 106|0x0000000089200000, 0x0000000089200000, 0x0000000089300000|  0%| F|  |TAMS 0x0000000089200000, 0x0000000089200000| Untracked 
| 107|0x0000000089300000, 0x0000000089400000, 0x0000000089400000|100%| E|  |TAMS 0x0000000089300000, 0x0000000089300000| Complete 
| 108|0x0000000089400000, 0x0000000089500000, 0x0000000089500000|100%| E|CS|TAMS 0x0000000089400000, 0x0000000089400000| Complete 
| 109|0x0000000089500000, 0x0000000089600000, 0x0000000089600000|100%| E|CS|TAMS 0x0000000089500000, 0x0000000089500000| Complete 
| 110|0x0000000089600000, 0x0000000089700000, 0x0000000089700000|100%| E|CS|TAMS 0x0000000089600000, 0x0000000089600000| Complete 
| 111|0x0000000089700000, 0x0000000089800000, 0x0000000089800000|100%| E|CS|TAMS 0x0000000089700000, 0x0000000089700000| Complete 
| 112|0x0000000089800000, 0x0000000089900000, 0x0000000089900000|100%| E|CS|TAMS 0x0000000089800000, 0x0000000089800000| Complete 
| 113|0x0000000089900000, 0x0000000089a00000, 0x0000000089a00000|100%| E|CS|TAMS 0x0000000089900000, 0x0000000089900000| Complete 
| 114|0x0000000089a00000, 0x0000000089b00000, 0x0000000089b00000|100%| E|CS|TAMS 0x0000000089a00000, 0x0000000089a00000| Complete 
| 115|0x0000000089b00000, 0x0000000089c00000, 0x0000000089c00000|100%| E|  |TAMS 0x0000000089b00000, 0x0000000089b00000| Complete 
| 116|0x0000000089c00000, 0x0000000089d00000, 0x0000000089d00000|100%| E|CS|TAMS 0x0000000089c00000, 0x0000000089c00000| Complete 
| 117|0x0000000089d00000, 0x0000000089e00000, 0x0000000089e00000|100%| E|CS|TAMS 0x0000000089d00000, 0x0000000089d00000| Complete 
| 118|0x0000000089e00000, 0x0000000089f00000, 0x0000000089f00000|100%| E|CS|TAMS 0x0000000089e00000, 0x0000000089e00000| Complete 
| 119|0x0000000089f00000, 0x000000008a000000, 0x000000008a000000|100%| E|CS|TAMS 0x0000000089f00000, 0x0000000089f00000| Complete 
| 120|0x000000008a000000, 0x000000008a100000, 0x000000008a100000|100%| E|CS|TAMS 0x000000008a000000, 0x000000008a000000| Complete 
| 121|0x000000008a100000, 0x000000008a200000, 0x000000008a200000|100%| E|CS|TAMS 0x000000008a100000, 0x000000008a100000| Complete 
| 122|0x000000008a200000, 0x000000008a300000, 0x000000008a300000|100%| E|CS|TAMS 0x000000008a200000, 0x000000008a200000| Complete 
| 123|0x000000008a300000, 0x000000008a400000, 0x000000008a400000|100%| E|CS|TAMS 0x000000008a300000, 0x000000008a300000| Complete 
| 124|0x000000008a400000, 0x000000008a500000, 0x000000008a500000|100%| E|CS|TAMS 0x000000008a400000, 0x000000008a400000| Complete 
| 125|0x000000008a500000, 0x000000008a600000, 0x000000008a600000|100%| E|CS|TAMS 0x000000008a500000, 0x000000008a500000| Complete 

Card table byte_map: [0x000001a2dc5b0000,0x000001a2dc9a0000] _byte_map_base: 0x000001a2dc19c000

Marking Bits (Prev, Next): (CMBitMap*) 0x000001a2c580a2e0, (CMBitMap*) 0x000001a2c580a2a8
 Prev Bits: [0x000001a2decf0000, 0x000001a2e0c50000)
 Next Bits: [0x000001a2dcd90000, 0x000001a2decf0000)

Polling page: 0x000001a2c4f90000

Metaspace:

Usage:
  Non-class:     20.58 MB capacity,    20.25 MB ( 98%) used,   284.71 KB (  1%) free+waste,    54.19 KB ( <1%) overhead. 
      Class:      2.81 MB capacity,     2.61 MB ( 93%) used,   172.59 KB (  6%) free+waste,    27.19 KB ( <1%) overhead. 
       Both:     23.39 MB capacity,    22.86 MB ( 98%) used,   457.30 KB (  2%) free+waste,    81.38 KB ( <1%) overhead. 

Virtual space:
  Non-class space:       22.00 MB reserved,      20.75 MB ( 94%) committed 
      Class space:        1.00 GB reserved,       2.88 MB ( <1%) committed 
             Both:        1.02 GB reserved,      23.62 MB (  2%) committed 

Chunk freelists:
   Non-Class:  0 bytes
       Class:  384 bytes
        Both:  256 bytes

CodeHeap 'non-profiled nmethods': size=120000Kb used=580Kb max_used=580Kb free=119419Kb
 bounds [0x000001a2d4960000, 0x000001a2d4bd0000, 0x000001a2dbe90000]
CodeHeap 'profiled nmethods': size=120000Kb used=3125Kb max_used=3125Kb free=116874Kb
 bounds [0x000001a2cd430000, 0x000001a2cd740000, 0x000001a2d4960000]
CodeHeap 'non-nmethods': size=5760Kb used=1155Kb max_used=1165Kb free=4604Kb
 bounds [0x000001a2cce90000, 0x000001a2cd100000, 0x000001a2cd430000]
 total_blobs=2148 nmethods=1650 adapters=410
 compilation: enabled
              stopped_count=0, restarted_count=0
 full_count=0

Compilation events (10 events):
Event: 4.575 Thread 0x000001a2e403c800 1632       3       io.netty.util.AsciiString::<init> (131 bytes)
Event: 4.576 Thread 0x000001a2e403c800 nmethod 1632 0x000001a2cd72a690 code [0x000001a2cd72a9c0, 0x000001a2cd72bc98]
Event: 4.580 Thread 0x000001a2e3fee800 1633 % !   4       java.util.concurrent.ConcurrentHashMap::transfer @ 372 (828 bytes)
Event: 4.585 Thread 0x000001a2e403c800 1634       3       java.lang.invoke.MethodTypeForm::pack (54 bytes)
Event: 4.586 Thread 0x000001a2e403c800 nmethod 1634 0x000001a2cd72c390 code [0x000001a2cd72c520, 0x000001a2cd72c638]
Event: 4.591 Thread 0x000001a2e403c800 1635       1       io.netty.channel.DefaultChannelPipeline::channel (5 bytes)
Event: 4.591 Thread 0x000001a2e403c800 nmethod 1635 0x000001a2d49f0d90 code [0x000001a2d49f0f20, 0x000001a2d49f0fd8]
Event: 4.591 Thread 0x000001a2e403c800 1636       3       jdk.internal.org.objectweb.asm.ClassWriter::toByteArray (1423 bytes)
Event: 4.597 Thread 0x000001a2e403c800 nmethod 1636 0x000001a2cd72c710 code [0x000001a2cd72cfe0, 0x000001a2cd730b88]
Event: 4.597 Thread 0x000001a2e403c800 1637       3       java.lang.invoke.MethodHandles$Lookup::checkMethod (83 bytes)

GC Heap History (4 events):
Event: 1.243 GC heap before
{Heap before GC invocations=0 (full 0):
 garbage-first heap   total 129024K, used 23552K [0x0000000082800000, 0x0000000100000000)
  region size 1024K, 24 young (24576K), 0 survivors (0K)
 Metaspace       used 12385K, capacity 12595K, committed 12672K, reserved 1060864K
  class space    used 1266K, capacity 1381K, committed 1408K, reserved 1048576K
}
Event: 1.248 GC heap after
{Heap after GC invocations=1 (full 0):
 garbage-first heap   total 129024K, used 4417K [0x0000000082800000, 0x0000000100000000)
  region size 1024K, 3 young (3072K), 3 survivors (3072K)
 Metaspace       used 12385K, capacity 12595K, committed 12672K, reserved 1060864K
  class space    used 1266K, capacity 1381K, committed 1408K, reserved 1048576K
}
Event: 3.477 GC heap before
{Heap before GC invocations=1 (full 0):
 garbage-first heap   total 129024K, used 38209K [0x0000000082800000, 0x0000000100000000)
  region size 1024K, 37 young (37888K), 3 survivors (3072K)
 Metaspace       used 20634K, capacity 21102K, committed 21248K, reserved 1069056K
  class space    used 2267K, capacity 2459K, committed 2560K, reserved 1048576K
}
Event: 3.484 GC heap after
{Heap after GC invocations=2 (full 0):
 garbage-first heap   total 129024K, used 7820K [0x0000000082800000, 0x0000000100000000)
  region size 1024K, 7 young (7168K), 7 survivors (7168K)
 Metaspace       used 20634K, capacity 21102K, committed 21248K, reserved 1069056K
  class space    used 2267K, capacity 2459K, committed 2560K, reserved 1048576K
}

Deoptimization events (10 events):
Event: 0.192 Thread 0x000001a2c57cf000 Uncommon trap: reason=unstable_if action=reinterpret pc=0x000001a2d4965780 method=java.lang.String.hashCode()I @ 14 c2
Event: 0.196 Thread 0x000001a2c57cf000 Uncommon trap: reason=unstable_if action=reinterpret pc=0x000001a2d4961570 method=java.lang.String.isLatin1()Z @ 10 c2
Event: 0.369 Thread 0x000001a2c57cf000 Uncommon trap: reason=unstable_if action=reinterpret pc=0x000001a2d496c990 method=java.util.zip.ZipFile$Source.isMetaName([BII)Z @ 43 c2
Event: 0.438 Thread 0x000001a2c57cf000 Uncommon trap: reason=unstable_if action=reinterpret pc=0x000001a2d4981c34 method=java.lang.String.startsWith(Ljava/lang/String;I)Z @ 14 c2
Event: 0.470 Thread 0x000001a2c57cf000 Uncommon trap: reason=unstable_if action=reinterpret pc=0x000001a2d4969a60 method=java.io.WinNTFileSystem.isSlash(C)Z @ 9 c2
Event: 1.100 Thread 0x000001a2c57cf000 Uncommon trap: reason=unstable_if action=reinterpret pc=0x000001a2d498d974 method=java.io.WinNTFileSystem.normalize(Ljava/lang/String;)Ljava/lang/String; @ 40 c2
Event: 1.337 Thread 0x000001a2c57cf000 Uncommon trap: reason=unstable_if action=reinterpret pc=0x000001a2d499c8c8 method=java.lang.Integer.getChars(II[B)I @ 25 c2
Event: 1.337 Thread 0x000001a2c57cf000 Uncommon trap: reason=unstable_if action=reinterpret pc=0x000001a2d499bd98 method=java.lang.Integer.getChars(II[B)I @ 25 c2
Event: 1.591 Thread 0x000001a2c57cf000 Uncommon trap: reason=unstable_if action=reinterpret pc=0x000001a2d49ca7f8 method=java.lang.String.replace(CC)Ljava/lang/String; @ 2 c2
Event: 3.411 Thread 0x000001a2c57cf000 Uncommon trap: reason=unstable_if action=reinterpret pc=0x000001a2d49c5d18 method=java.io.ByteArrayInputStream.read([BII)I @ 35 c2

Classes redefined (0 events):
No events

Internal exceptions (10 events):
Event: 3.365 Thread 0x000001a2c57cf000 Exception <a 'java/lang/NoSuchMethodError'{0x00000000888bbd60}: java.lang.invoke.DirectMethodHandle$Holder.invokeVirtual(Ljava/lang/Object;Ljava/lang/Object;)I> (0x00000000888bbd60) thrown at [./open/src/hotspot/share/interpreter/linkResolver.cpp, line 77
Event: 3.366 Thread 0x000001a2c57cf000 Exception <a 'java/lang/NoSuchMethodError'{0x00000000888c1b58}: java.lang.invoke.DirectMethodHandle$Holder.invokeVirtual(Ljava/lang/Object;Ljava/lang/Object;)D> (0x00000000888c1b58) thrown at [./open/src/hotspot/share/interpreter/linkResolver.cpp, line 77
Event: 3.367 Thread 0x000001a2c57cf000 Exception <a 'java/lang/NoSuchMethodError'{0x00000000888caf00}: java.lang.invoke.DirectMethodHandle$Holder.invokeVirtual(Ljava/lang/Object;Ljava/lang/Object;)F> (0x00000000888caf00) thrown at [./open/src/hotspot/share/interpreter/linkResolver.cpp, line 77
Event: 3.368 Thread 0x000001a2c57cf000 Exception <a 'java/lang/NoSuchMethodError'{0x00000000888d3458}: java.lang.invoke.DirectMethodHandle$Holder.invokeVirtual(Ljava/lang/Object;Ljava/lang/Object;)J> (0x00000000888d3458) thrown at [./open/src/hotspot/share/interpreter/linkResolver.cpp, line 77
Event: 3.373 Thread 0x000001a2c57cf000 Exception <a 'java/lang/NoSuchMethodError'{0x0000000088717618}: java.lang.invoke.DirectMethodHandle$Holder.invokeVirtual(Ljava/lang/Object;Ljava/lang/Object;Ljava/lang/Object;)Ljava/lang/Object;> (0x0000000088717618) thrown at [./open/src/hotspot/share/in
Event: 3.402 Thread 0x000001a2c57cf000 Exception <a 'java/lang/NoSuchMethodError'{0x00000000886641d0}: java.lang.invoke.DirectMethodHandle$Holder.invokeStatic(Ljava/lang/Object;Ljava/lang/Object;I)V> (0x00000000886641d0) thrown at [./open/src/hotspot/share/interpreter/linkResolver.cpp, line 77
Event: 3.444 Thread 0x000001a2c57cf000 Exception <a 'java/lang/NoSuchMethodError'{0x0000000088323888}: java.lang.invoke.DirectMethodHandle$Holder.invokeSpecialIFC(Ljava/lang/Object;Ljava/lang/Object;Ljava/lang/Object;)I> (0x0000000088323888) thrown at [./open/src/hotspot/share/interpreter/link
Event: 3.451 Thread 0x000001a2c57cf000 Exception <a 'java/lang/NoSuchMethodError'{0x0000000088385cc8}: java.lang.invoke.DirectMethodHandle$Holder.invokeStatic(Ljava/lang/Object;Ljava/lang/Object;Ljava/lang/Object;Ljava/lang/Object;Ljava/lang/Object;)V> (0x0000000088385cc8) thrown at [./open/sr
Event: 3.473 Thread 0x000001a2c57cf000 Exception <a 'java/lang/NoSuchMethodError'{0x00000000882b5680}: java.lang.invoke.DirectMethodHandle$Holder.invokeStatic(Ljava/lang/Object;Ljava/lang/Object;Ljava/lang/Object;Ljava/lang/Object;)V> (0x00000000882b5680) thrown at [./open/src/hotspot/share/in
Event: 3.521 Thread 0x000001a2c57cf000 Exception <a 'java/lang/NoSuchMethodError'{0x000000008a121fb0}: java.lang.invoke.DirectMethodHandle$Holder.invokeSpecial(Ljava/lang/Object;Ljava/lang/Object;Ljava/lang/Object;Ljava/lang/Object;Ljava/lang/Object;Ljava/lang/Object;)V> (0x000000008a121fb0) t

Events (10 events):
Event: 4.593 loading class com/google/common/net/MediaType
Event: 4.593 loading class com/google/common/net/MediaType done
Event: 4.595 loading class com/google/common/base/Charsets
Event: 4.595 loading class com/google/common/base/Charsets done
Event: 4.596 loading class com/google/common/base/Ascii
Event: 4.596 loading class com/google/common/base/Ascii done
Event: 4.596 loading class com/google/common/collect/ImmutableListMultimap
Event: 4.596 loading class com/google/common/collect/ImmutableListMultimap done
Event: 4.597 loading class com/google/common/collect/ImmutableMultimap$1
Event: 4.597 loading class com/google/common/collect/ImmutableMultimap$1 done


Dynamic libraries:
0x00007ff6d7230000 - 0x00007ff6d7240000 	C:\Program Files\Java\jdk-11\bin\javaw.exe
0x00007ffca9b30000 - 0x00007ffca9d44000 	C:\WINDOWS\SYSTEM32\ntdll.dll
0x00007ffc81a50000 - 0x00007ffc81a69000 	C:\Program Files\AVAST Software\Avast\aswhook.dll
0x00007ffca89a0000 - 0x00007ffca8a63000 	C:\WINDOWS\System32\KERNEL32.DLL
0x00007ffca71f0000 - 0x00007ffca758c000 	C:\WINDOWS\System32\KERNELBASE.dll
0x00007ffca7820000 - 0x00007ffca7931000 	C:\WINDOWS\System32\ucrtbase.dll
0x00007ffc9fdf0000 - 0x00007ffc9fe0b000 	C:\Program Files\Java\jdk-11\bin\VCRUNTIME140.dll
0x00007ffc9fe30000 - 0x00007ffc9fe48000 	C:\Program Files\Java\jdk-11\bin\jli.dll
0x00007ffca8a70000 - 0x00007ffca8b1e000 	C:\WINDOWS\System32\ADVAPI32.dll
0x00007ffca8b20000 - 0x00007ffca8bc7000 	C:\WINDOWS\System32\msvcrt.dll
0x00007ffca84a0000 - 0x00007ffca8544000 	C:\WINDOWS\System32\sechost.dll
0x00007ffca8cb0000 - 0x00007ffca8dc5000 	C:\WINDOWS\System32\RPCRT4.dll
0x00007ffca9130000 - 0x00007ffca92dd000 	C:\WINDOWS\System32\USER32.dll
0x00007ffc85fe0000 - 0x00007ffc8626e000 	C:\WINDOWS\WinSxS\amd64_microsoft.windows.common-controls_6595b64144ccf1df_6.0.22621.608_none_a9444ca7c10bb01d\COMCTL32.dll
0x00007ffca6f70000 - 0x00007ffca6f96000 	C:\WINDOWS\System32\win32u.dll
0x00007ffca7c40000 - 0x00007ffca7c69000 	C:\WINDOWS\System32\GDI32.dll
0x00007ffca7700000 - 0x00007ffca7812000 	C:\WINDOWS\System32\gdi32full.dll
0x00007ffca7010000 - 0x00007ffca70aa000 	C:\WINDOWS\System32\msvcp_win.dll
0x00007ffc9f120000 - 0x00007ffc9f12a000 	C:\WINDOWS\SYSTEM32\VERSION.dll
0x00007ffca8dd0000 - 0x00007ffca8e02000 	C:\WINDOWS\System32\IMM32.DLL
0x00007ffca2170000 - 0x00007ffca217c000 	C:\Program Files\Java\jdk-11\bin\vcruntime140_1.dll
0x00007ffc8cd70000 - 0x00007ffc8cdfe000 	C:\Program Files\Java\jdk-11\bin\msvcp140.dll
0x00007ffc54780000 - 0x00007ffc552e8000 	C:\Program Files\Java\jdk-11\bin\server\jvm.dll
0x00007ffca8990000 - 0x00007ffca8998000 	C:\WINDOWS\System32\PSAPI.DLL
0x00007ffc96390000 - 0x00007ffc96399000 	C:\WINDOWS\SYSTEM32\WSOCK32.dll
0x00007ffc9f4e0000 - 0x00007ffc9f514000 	C:\WINDOWS\SYSTEM32\WINMM.dll
0x00007ffca7c70000 - 0x00007ffca7ce1000 	C:\WINDOWS\System32\WS2_32.dll
0x00007ffca60b0000 - 0x00007ffca60c8000 	C:\WINDOWS\SYSTEM32\kernel.appcore.dll
0x00007ffca15a0000 - 0x00007ffca15b0000 	C:\Program Files\Java\jdk-11\bin\verify.dll
0x00007ffca4b20000 - 0x00007ffca4d4e000 	C:\WINDOWS\SYSTEM32\DBGHELP.DLL
0x00007ffca8550000 - 0x00007ffca88da000 	C:\WINDOWS\System32\combase.dll
0x00007ffca8f30000 - 0x00007ffca9007000 	C:\WINDOWS\System32\OLEAUT32.dll
0x00007ffc9dd70000 - 0x00007ffc9dda2000 	C:\WINDOWS\SYSTEM32\dbgcore.DLL
0x00007ffca70b0000 - 0x00007ffca712b000 	C:\WINDOWS\System32\bcryptPrimitives.dll
0x00007ffc9b6a0000 - 0x00007ffc9b6c8000 	C:\Program Files\Java\jdk-11\bin\java.dll
0x00007ffca1500000 - 0x00007ffca150a000 	C:\Program Files\Java\jdk-11\bin\jimage.dll
0x00007ffc9f130000 - 0x00007ffc9f147000 	C:\Program Files\Java\jdk-11\bin\zip.dll
0x00007ffca92e0000 - 0x00007ffca9acf000 	C:\WINDOWS\System32\SHELL32.dll
0x00007ffca4f90000 - 0x00007ffca5858000 	C:\WINDOWS\SYSTEM32\windows.storage.dll
0x00007ffca4e50000 - 0x00007ffca4f8e000 	C:\WINDOWS\SYSTEM32\wintypes.dll
0x00007ffca79a0000 - 0x00007ffca7a91000 	C:\WINDOWS\System32\SHCORE.dll
0x00007ffca7df0000 - 0x00007ffca7e4e000 	C:\WINDOWS\System32\shlwapi.dll
0x00007ffca6ea0000 - 0x00007ffca6ec1000 	C:\WINDOWS\SYSTEM32\profapi.dll
0x00007ffc91b50000 - 0x00007ffc91b69000 	C:\Program Files\Java\jdk-11\bin\net.dll
0x00007ffc9e830000 - 0x00007ffc9e95f000 	C:\WINDOWS\SYSTEM32\WINHTTP.dll
0x00007ffca6520000 - 0x00007ffca6589000 	C:\WINDOWS\system32\mswsock.dll
0x00007ffc91b30000 - 0x00007ffc91b42000 	C:\Program Files\Java\jdk-11\bin\nio.dll
0x00007ffca5ba0000 - 0x00007ffca5c93000 	C:\WINDOWS\SYSTEM32\DNSAPI.dll
0x00007ffca5b70000 - 0x00007ffca5b9d000 	C:\WINDOWS\SYSTEM32\IPHLPAPI.DLL
0x00007ffca8490000 - 0x00007ffca8499000 	C:\WINDOWS\System32\NSI.dll
0x00007ffc9ada0000 - 0x00007ffc9adaa000 	C:\Windows\System32\rasadhlp.dll
0x00007ffc9c350000 - 0x00007ffc9c3d3000 	C:\WINDOWS\System32\fwpuclnt.dll
0x00007ffca6770000 - 0x00007ffca678b000 	C:\WINDOWS\SYSTEM32\CRYPTSP.dll
0x00007ffca6020000 - 0x00007ffca6055000 	C:\WINDOWS\system32\rsaenh.dll
0x00007ffca6610000 - 0x00007ffca6638000 	C:\WINDOWS\SYSTEM32\USERENV.dll
0x00007ffca6930000 - 0x00007ffca6958000 	C:\WINDOWS\SYSTEM32\bcrypt.dll
0x00007ffca6790000 - 0x00007ffca679c000 	C:\WINDOWS\SYSTEM32\CRYPTBASE.dll
0x00007ffc9e6c0000 - 0x00007ffc9e6d9000 	C:\WINDOWS\SYSTEM32\dhcpcsvc6.DLL
0x00007ffc9e6a0000 - 0x00007ffc9e6bf000 	C:\WINDOWS\SYSTEM32\dhcpcsvc.DLL
0x00007ffca3f10000 - 0x00007ffca3fa7000 	C:\WINDOWS\system32\apphelp.dll
0x00007ffca3880000 - 0x00007ffca3889000 	C:\Program Files\Java\jdk-11\bin\management.dll
0x00007ffca16e0000 - 0x00007ffca16eb000 	C:\Program Files\Java\jdk-11\bin\management_ext.dll
0x00007ffca3e20000 - 0x00007ffca3e2d000 	C:\Program Files\Java\jdk-11\bin\sunmscapi.dll
0x00007ffca7590000 - 0x00007ffca76f6000 	C:\WINDOWS\System32\CRYPT32.dll
0x00007ffca6900000 - 0x00007ffca692d000 	C:\WINDOWS\SYSTEM32\ncrypt.dll
0x00007ffca68c0000 - 0x00007ffca68f7000 	C:\WINDOWS\SYSTEM32\NTASN1.dll
0x00007ffc90b60000 - 0x00007ffc90b87000 	C:\Program Files\Java\jdk-11\bin\sunec.dll

dbghelp: loaded successfully - version: 4.0.5 - missing functions: none
symbol engine: initialized successfully - sym options: 0x614 - pdb path: .;C:\Program Files\Java\jdk-11\bin;C:\WINDOWS\SYSTEM32;C:\Program Files\AVAST Software\Avast;C:\WINDOWS\WinSxS\amd64_microsoft.windows.common-controls_6595b64144ccf1df_6.0.22621.608_none_a9444ca7c10bb01d;C:\Program Files\Java\jdk-11\bin\server

VM Arguments:
jvm_args: -Dfile.encoding=Cp1252 
java_command: Practice.Assignment_12_AppleVacations_GetTitleAndURL
java_class_path (initial): C:\Users\sujan\eclipse-workspace\Practice\target\test-classes;C:\Users\sujan\eclipse-workspace\Practice\target\classes;C:\Users\sujan\.m2\repository\org\seleniumhq\selenium\selenium-server\4.0.0-alpha-2\selenium-server-4.0.0-alpha-2.jar;C:\Users\sujan\.m2\repository\org\seleniumhq\selenium\grid\4.0.0-alpha-2\grid-4.0.0-alpha-2.jar;C:\Users\sujan\.m2\repository\org\seleniumhq\selenium\selenium-edgehtml-driver\4.0.0-alpha-2\selenium-edgehtml-driver-4.0.0-alpha-2.jar;C:\Users\sujan\.m2\repository\org\seleniumhq\selenium\jetty-repacked\9.4.12.v20180830.1\jetty-repacked-9.4.12.v20180830.1.jar;C:\Users\sujan\.m2\repository\javax\servlet\javax.servlet-api\3.1.0\javax.servlet-api-3.1.0.jar;C:\Users\sujan\.m2\repository\org\zeromq\jeromq\0.5.1\jeromq-0.5.1.jar;C:\Users\sujan\.m2\repository\eu\neilalexander\jnacl\1.0.0\jnacl-1.0.0.jar;C:\Users\sujan\.m2\repository\net\jcip\jcip-annotations\1.0\jcip-annotations-1.0.jar;C:\Users\sujan\.m2\repository\org\yaml\snakeyaml\1.24\snakeyaml-1.24.jar;C:\Users\sujan\.m2\repository\org\seleniumhq\selenium\selenium-java\4.8.1\selenium-java-4.8.1.jar;C:\Users\sujan\.m2\repository\org\seleniumhq\selenium\selenium-api\4.8.1\selenium-api-4.8.1.jar;C:\Users\sujan\.m2\repository\org\seleniumhq\selenium\selenium-chrome-driver\4.8.1\selenium-chrome-driver-4.8.1.jar;C:\Users\sujan\.m2\repository\com\google\auto\service\auto-service-annotations\1.0.1\auto-service-annotations-1.0.1.jar;C:\Users\sujan\.m2\repository\com\google\auto\service\auto-service\1.0.1\auto-service-1.0.1.jar;C:\Users\sujan\.m2\repository\com\google\auto\auto-common\1.2\auto-common-1.2.jar;C:\Users\sujan\.m2\repository\com\google\guava\guava\31.1-jre\guava-31.1-jre.jar;C:\Users\sujan\.m2\repository\com\google\guava\failureaccess\1.0.1\failureaccess-1.0.1.jar;C:\Users\sujan\.m2\repository\com\google\guava\listenablefuture\9999.0-empty-to-avoid-conflict-with-guava\listenablefuture-9999.0-empty-to-avoid-conflict-with-guava.jar;C:\Users\sujan\.m2\reposito
Launcher Type: SUN_STANDARD

[Global flags]
     intx CICompilerCount                          = 4                                         {product} {ergonomic}
     uint ConcGCThreads                            = 2                                         {product} {ergonomic}
     uint G1ConcRefinementThreads                  = 8                                         {product} {ergonomic}
   size_t G1HeapRegionSize                         = 1048576                                   {product} {ergonomic}
    uintx GCDrainStackTargetSize                   = 64                                        {product} {ergonomic}
   size_t InitialHeapSize                          = 132120576                                 {product} {ergonomic}
   size_t MarkStackSize                            = 4194304                                   {product} {ergonomic}
   size_t MaxHeapSize                              = 2105540608                                {product} {ergonomic}
   size_t MaxNewSize                               = 1262485504                                {product} {ergonomic}
   size_t MinHeapDeltaBytes                        = 1048576                                   {product} {ergonomic}
    uintx NonNMethodCodeHeapSize                   = 5836300                                {pd product} {ergonomic}
    uintx NonProfiledCodeHeapSize                  = 122910970                              {pd product} {ergonomic}
    uintx ProfiledCodeHeapSize                     = 122910970                              {pd product} {ergonomic}
    uintx ReservedCodeCacheSize                    = 251658240                              {pd product} {ergonomic}
     bool SegmentedCodeCache                       = true                                      {product} {ergonomic}
     bool UseCompressedClassPointers               = true                                 {lp64_product} {ergonomic}
     bool UseCompressedOops                        = true                                 {lp64_product} {ergonomic}
     bool UseG1GC                                  = true                                      {product} {ergonomic}
     bool UseLargePagesIndividualAllocation        = false                                  {pd product} {ergonomic}

Logging:
Log output configuration:
 #0: stdout all=warning uptime,level,tags
 #1: stderr all=off uptime,level,tags

Environment Variables:
PATH=C:\Program Files\Common Files\Oracle\Java\javapath;C:\mysoftwares\Python;C:\WINDOWS\system32;C:\WINDOWS;C:\WINDOWS\System32\Wbem;C:\WINDOWS\System32\WindowsPowerShell\v1.0\;C:\Program Files\Java\jdk-10.0.2\bin;C:\Program Files\Java\jre-10.0.2\bin;C:\Program Files\Git\cmd;C:\apache-maven-3.5.4-bin\apache-maven-3.5.4\bin;C:\WINDOWS\System32\OpenSSH\;C:\xampp\php;C:\composer;C:\Program Files\nodejs\;C:\Program Files\Intel\WiFi\bin\;C:\Program Files\Common Files\Intel\WirelessCommon\;C:\Program Files (x86)\Intel\Intel(R) Management Engine Components\DAL;C:\Program Files\Intel\Intel(R) Management Engine Components\DAL;C:\Users\sujan\AppData\Local\Microsoft\WindowsApps;C:\Program Files\MongoDB\Server\4.0\bin;C:\Users\sujan\AppData\Local\Programs\Microsoft VS Code\bin;C:\Users\sujan\AppData\Roaming\Composer\vendor\bin;C:\Users\sujan\AppData\Roaming\npm;
USERNAME=sujan
OS=Windows_NT
PROCESSOR_IDENTIFIER=Intel64 Family 6 Model 142 Stepping 10, GenuineIntel



---------------  S Y S T E M  ---------------

OS: Windows 11 , 64 bit Build 22621 (10.0.22621.1194)

CPU:total 8 (initial active 8) (4 cores per cpu, 2 threads per core) family 6 model 142 stepping 10 microcode 0xea, cmov, cx8, fxsr, mmx, sse, sse2, sse3, ssse3, sse4.1, sse4.2, popcnt, avx, avx2, aes, clmul, erms, 3dnowpref, lzcnt, ht, tsc, tscinvbit, bmi1, bmi2, adx, fma

Memory: 4k page, system-wide physical 8025M (644M free)
TotalPageFile size 9924M (AvailPageFile size 5M)
current process WorkingSet (physical memory assigned to process): 131M, peak: 131M
current process commit charge ("private bytes"): 247M, peak: 247M

vm_info: Java HotSpot(TM) 64-Bit Server VM (11.0.18+9-LTS-195) for windows-amd64 JRE (11.0.18+9-LTS-195), built on Dec  6 2022 15:50:58 by "mach5one" with MS VC++ 17.1 (VS2022)

END.
