#
# There is insufficient memory for the Java Runtime Environment to continue.
# Native memory allocation (malloc) failed to allocate 32744 bytes for ChunkPool::allocate
# Possible reasons:
#   The system is out of physical RAM or swap space
#   The process is running with CompressedOops enabled, and the Java Heap may be blocking the growth of the native heap
# Possible solutions:
#   Reduce memory load on the system
#   Increase physical memory or swap space
#   Check if swap backing store is full
#   Decrease Java heap size (-Xmx/-Xms)
#   Decrease number of Java threads
#   Decrease Java thread stack sizes (-Xss)
#   Set larger code cache with -XX:ReservedCodeCacheSize=
#   JVM is running with Unscaled Compressed Oops mode in which the Java heap is
#     placed in the first 4GB address space. The Java Heap base address is the
#     maximum limit for the native heap growth. Please use -XX:HeapBaseMinAddress
#     to set the Java Heap base and to place the Java Heap above 4GB virtual address.
# This output file may be truncated or incomplete.
#
#  Out of Memory Error (./open/src/hotspot/share/memory/arena.cpp:81), pid=4516, tid=19968
#
# JRE version: Java(TM) SE Runtime Environment 18.9 (11.0.18+9) (build 11.0.18+9-LTS-195)
# Java VM: Java HotSpot(TM) 64-Bit Server VM 18.9 (11.0.18+9-LTS-195, mixed mode, tiered, compressed oops, g1 gc, windows-amd64)
# No core dump will be written. Minidumps are not enabled by default on client versions of Windows
#

---------------  S U M M A R Y ------------

Command Line: -Dfile.encoding=Cp1252 Practice.Assignment_12_AppleVacations_GetTitleAndURL

Host: Intel(R) Core(TM) i5-8250U CPU @ 1.60GHz, 8 cores, 7G,  Windows 11 , 64 bit Build 22621 (10.0.22621.1194)
Time: Tue Mar 21 18:23:57 2023 Eastern Daylight Time elapsed time: 8.167799 seconds (0d 0h 0m 8s)

---------------  T H R E A D  ---------------

Current thread (0x0000015263e7d000):  JavaThread "C1 CompilerThread0" daemon [_thread_in_native, id=19968, stack(0x0000002e20000000,0x0000002e20100000)]


Current CompileTask:
C1:   8167 1787   !   3       java.lang.invoke.MemberName::getFieldType (177 bytes)

Stack: [0x0000002e20000000,0x0000002e20100000]
Native frames: (J=compiled Java code, j=interpreted, Vv=VM code, C=native code)
V  [jvm.dll+0x65d8aa]
V  [jvm.dll+0x79fc1f]
V  [jvm.dll+0x7a12e9]
V  [jvm.dll+0x7a1983]
V  [jvm.dll+0x2585b5]
V  [jvm.dll+0xb2abf]
V  [jvm.dll+0xb2e0c]
V  [jvm.dll+0x17c86f]
V  [jvm.dll+0x17bf3a]
V  [jvm.dll+0x140b6b]
V  [jvm.dll+0x129b1c]
V  [jvm.dll+0x129cb0]
V  [jvm.dll+0x129f72]
V  [jvm.dll+0x1292c9]
V  [jvm.dll+0x12b118]
V  [jvm.dll+0x220609]
V  [jvm.dll+0x21e92c]
V  [jvm.dll+0x763f61]
V  [jvm.dll+0x75c924]
V  [jvm.dll+0x65c755]
C  [ucrtbase.dll+0x29363]
C  [KERNEL32.DLL+0x126bd]
C  [ntdll.dll+0x5dfb8]


---------------  P R O C E S S  ---------------

Threads class SMR info:
_java_thread_list=0x00000152643d9640, length=22, elements={
0x0000015263558800, 0x0000015263562000, 0x0000015263ec8000, 0x0000015263ecc000,
0x0000015263ecd000, 0x0000015263eda000, 0x0000015263e7d000, 0x0000015263e80000,
0x0000015264059800, 0x0000015264a6b800, 0x0000015264064800, 0x0000015264fff800,
0x0000015264fd2800, 0x0000015264fd8800, 0x0000015265538000, 0x0000015264fd9800,
0x00000152653b0000, 0x0000015265132800, 0x000001526470d000, 0x000001526470a800,
0x000001526470b800, 0x000001526470e000
}

Java Threads: ( => current thread )
  0x0000015263558800 JavaThread "Reference Handler" daemon [_thread_blocked, id=19644, stack(0x0000002e1fa00000,0x0000002e1fb00000)]
  0x0000015263562000 JavaThread "Finalizer" daemon [_thread_blocked, id=3404, stack(0x0000002e1fb00000,0x0000002e1fc00000)]
  0x0000015263ec8000 JavaThread "Signal Dispatcher" daemon [_thread_blocked, id=14824, stack(0x0000002e1fc00000,0x0000002e1fd00000)]
  0x0000015263ecc000 JavaThread "Attach Listener" daemon [_thread_blocked, id=4196, stack(0x0000002e1fd00000,0x0000002e1fe00000)]
  0x0000015263ecd000 JavaThread "Service Thread" daemon [_thread_blocked, id=14200, stack(0x0000002e1fe00000,0x0000002e1ff00000)]
  0x0000015263eda000 JavaThread "C2 CompilerThread0" daemon [_thread_blocked, id=17240, stack(0x0000002e1ff00000,0x0000002e20000000)]
=>0x0000015263e7d000 JavaThread "C1 CompilerThread0" daemon [_thread_in_native, id=19968, stack(0x0000002e20000000,0x0000002e20100000)]
  0x0000015263e80000 JavaThread "Sweeper thread" daemon [_thread_blocked, id=7272, stack(0x0000002e20100000,0x0000002e20200000)]
  0x0000015264059800 JavaThread "Common-Cleaner" daemon [_thread_blocked, id=14400, stack(0x0000002e20300000,0x0000002e20400000)]
  0x0000015264a6b800 JavaThread "ForkJoinPool.commonPool-worker-3" daemon [_thread_blocked, id=3648, stack(0x0000002e20400000,0x0000002e20500000)]
  0x0000015264064800 JavaThread "AsyncHttpClient-1-1" daemon [_thread_blocked, id=13076, stack(0x0000002e20700000,0x0000002e20800000)]
  0x0000015264fff800 JavaThread "Exec Default Executor" daemon [_thread_in_native, id=10408, stack(0x0000002e20800000,0x0000002e20900000)]
  0x0000015264fd2800 JavaThread "Exec Stream Pumper" daemon [_thread_in_native, id=12084, stack(0x0000002e20900000,0x0000002e20a00000)]
  0x0000015264fd8800 JavaThread "Exec Stream Pumper" daemon [_thread_in_native, id=17388, stack(0x0000002e20a00000,0x0000002e20b00000)]
  0x0000015265538000 JavaThread "Driver Service Executor" daemon [_thread_blocked, id=14700, stack(0x0000002e20b00000,0x0000002e20c00000)]
  0x0000015264fd9800 JavaThread "Driver Service Executor" daemon [_thread_blocked, id=17360, stack(0x0000002e20c00000,0x0000002e20d00000)]
  0x00000152653b0000 JavaThread "UrlChecker-2" daemon [_thread_blocked, id=12836, stack(0x0000002e20d00000,0x0000002e20e00000)]
  0x0000015265132800 JavaThread "Keep-Alive-Timer" daemon [_thread_blocked, id=9208, stack(0x0000002e20f00000,0x0000002e21000000)]
  0x000001526470d000 JavaThread "AsyncHttpClient-1-2" daemon [_thread_in_native, id=10428, stack(0x0000002e21100000,0x0000002e21200000)]
  0x000001526470a800 JavaThread "AsyncHttpClient-1-3" daemon [_thread_in_native, id=14820, stack(0x0000002e21200000,0x0000002e21300000)]
  0x000001526470b800 JavaThread "AsyncHttpClient-1-4" daemon [_thread_in_native, id=11872, stack(0x0000002e21300000,0x0000002e21400000)]
  0x000001526470e000 JavaThread "DestroyJavaVM" [_thread_blocked, id=12220, stack(0x0000002e1f300000,0x0000002e1f400000)]

Other Threads:
  0x0000015263556000 VMThread "VM Thread" [stack: 0x0000002e1f900000,0x0000002e1fa00000] [id=17440]
  0x0000015264061800 WatcherThread [stack: 0x0000002e20200000,0x0000002e20300000] [id=18944]
  0x0000015245671800 GCTaskThread "GC Thread#0" [stack: 0x0000002e1f400000,0x0000002e1f500000] [id=7544]
  0x0000015264e68000 GCTaskThread "GC Thread#1" [stack: 0x0000002e20500000,0x0000002e20600000] [id=11664]
  0x0000015264e37000 GCTaskThread "GC Thread#2" [stack: 0x0000002e20600000,0x0000002e20700000] [id=8028]
  0x00000152456a3000 ConcurrentGCThread "G1 Main Marker" [stack: 0x0000002e1f500000,0x0000002e1f600000] [id=20288]
  0x00000152456ac000 ConcurrentGCThread "G1 Conc#0" [stack: 0x0000002e1f600000,0x0000002e1f700000] [id=2260]
  0x00000152647e7800 ConcurrentGCThread "G1 Conc#1" [stack: 0x0000002e21000000,0x0000002e21100000] [id=10096]
  0x000001526339e800 ConcurrentGCThread "G1 Refine#0" [stack: 0x0000002e1f700000,0x0000002e1f800000] [id=14828]
  0x00000152633a1800 ConcurrentGCThread "G1 Young RemSet Sampling" [stack: 0x0000002e1f800000,0x0000002e1f900000] [id=2420]

Threads with active compile tasks:
C1 CompilerThread0     8255 1787   !   3       java.lang.invoke.MemberName::getFieldType (177 bytes)

VM state:not at safepoint (normal execution)

VM Mutex/Monitor currently owned by a thread: None

Heap address: 0x0000000082800000, size: 2008 MB, Compressed Oops mode: 32-bit
Narrow klass base: 0x0000000000000000, Narrow klass shift: 3
Compressed class space size: 1073741824 Address: 0x0000000100000000

Heap:
 garbage-first heap   total 129024K, used 37845K [0x0000000082800000, 0x0000000100000000)
  region size 1024K, 32 young (32768K), 7 survivors (7168K)
 Metaspace       used 24638K, capacity 25248K, committed 25344K, reserved 1071104K
  class space    used 2815K, capacity 3055K, committed 3072K, reserved 1048576K
Heap Regions: E=young(eden), S=young(survivor), O=old, HS=humongous(starts), HC=humongous(continues), CS=collection set, F=free, A=archive, TAMS=top-at-mark-start (previous, next)
|   0|0x0000000082800000, 0x0000000082900000, 0x0000000082900000|100%| O|  |TAMS 0x0000000082900000, 0x0000000082800000| Untracked 
|   1|0x0000000082900000, 0x000000008294f600, 0x0000000082a00000| 31%| O|  |TAMS 0x000000008294f600, 0x0000000082900000| Untracked 
|   2|0x0000000082a00000, 0x0000000082b00000, 0x0000000082b00000|100%|HS|  |TAMS 0x0000000082a00000, 0x0000000082a00000| Complete 
|   3|0x0000000082b00000, 0x0000000082c00000, 0x0000000082c00000|100%|HC|  |TAMS 0x0000000082b00000, 0x0000000082b00000| Complete 
|   4|0x0000000082c00000, 0x0000000082d00000, 0x0000000082d00000|100%|HC|  |TAMS 0x0000000082c00000, 0x0000000082c00000| Complete 
|   5|0x0000000082d00000, 0x0000000082e00000, 0x0000000082e00000|100%|HC|  |TAMS 0x0000000082d00000, 0x0000000082d00000| Complete 
|   6|0x0000000082e00000, 0x0000000082f00000, 0x0000000082f00000|100%|HC|  |TAMS 0x0000000082e00000, 0x0000000082e00000| Complete 
|   7|0x0000000082f00000, 0x0000000082f00000, 0x0000000083000000|  0%| F|  |TAMS 0x0000000082f00000, 0x0000000082f00000| Untracked 
|   8|0x0000000083000000, 0x0000000083000000, 0x0000000083100000|  0%| F|  |TAMS 0x0000000083000000, 0x0000000083000000| Untracked 
|   9|0x0000000083100000, 0x0000000083100000, 0x0000000083200000|  0%| F|  |TAMS 0x0000000083100000, 0x0000000083100000| Untracked 
|  10|0x0000000083200000, 0x0000000083200000, 0x0000000083300000|  0%| F|  |TAMS 0x0000000083200000, 0x0000000083200000| Untracked 
|  11|0x0000000083300000, 0x0000000083300000, 0x0000000083400000|  0%| F|  |TAMS 0x0000000083300000, 0x0000000083300000| Untracked 
|  12|0x0000000083400000, 0x0000000083400000, 0x0000000083500000|  0%| F|  |TAMS 0x0000000083400000, 0x0000000083400000| Untracked 
|  13|0x0000000083500000, 0x0000000083500000, 0x0000000083600000|  0%| F|  |TAMS 0x0000000083500000, 0x0000000083500000| Untracked 
|  14|0x0000000083600000, 0x0000000083600000, 0x0000000083700000|  0%| F|  |TAMS 0x0000000083600000, 0x0000000083600000| Untracked 
|  15|0x0000000083700000, 0x0000000083700000, 0x0000000083800000|  0%| F|  |TAMS 0x0000000083700000, 0x0000000083700000| Untracked 
|  16|0x0000000083800000, 0x0000000083800000, 0x0000000083900000|  0%| F|  |TAMS 0x0000000083800000, 0x0000000083800000| Untracked 
|  17|0x0000000083900000, 0x0000000083900000, 0x0000000083a00000|  0%| F|  |TAMS 0x0000000083900000, 0x0000000083900000| Untracked 
|  18|0x0000000083a00000, 0x0000000083a00000, 0x0000000083b00000|  0%| F|  |TAMS 0x0000000083a00000, 0x0000000083a00000| Untracked 
|  19|0x0000000083b00000, 0x0000000083b00000, 0x0000000083c00000|  0%| F|  |TAMS 0x0000000083b00000, 0x0000000083b00000| Untracked 
|  20|0x0000000083c00000, 0x0000000083c00000, 0x0000000083d00000|  0%| F|  |TAMS 0x0000000083c00000, 0x0000000083c00000| Untracked 
|  21|0x0000000083d00000, 0x0000000083d00000, 0x0000000083e00000|  0%| F|  |TAMS 0x0000000083d00000, 0x0000000083d00000| Untracked 
|  22|0x0000000083e00000, 0x0000000083e00000, 0x0000000083f00000|  0%| F|  |TAMS 0x0000000083e00000, 0x0000000083e00000| Untracked 
|  23|0x0000000083f00000, 0x0000000083f00000, 0x0000000084000000|  0%| F|  |TAMS 0x0000000083f00000, 0x0000000083f00000| Untracked 
|  24|0x0000000084000000, 0x0000000084000000, 0x0000000084100000|  0%| F|  |TAMS 0x0000000084000000, 0x0000000084000000| Untracked 
|  25|0x0000000084100000, 0x0000000084100000, 0x0000000084200000|  0%| F|  |TAMS 0x0000000084100000, 0x0000000084100000| Untracked 
|  26|0x0000000084200000, 0x0000000084200000, 0x0000000084300000|  0%| F|  |TAMS 0x0000000084200000, 0x0000000084200000| Untracked 
|  27|0x0000000084300000, 0x0000000084300000, 0x0000000084400000|  0%| F|  |TAMS 0x0000000084300000, 0x0000000084300000| Untracked 
|  28|0x0000000084400000, 0x0000000084400000, 0x0000000084500000|  0%| F|  |TAMS 0x0000000084400000, 0x0000000084400000| Untracked 
|  29|0x0000000084500000, 0x0000000084500000, 0x0000000084600000|  0%| F|  |TAMS 0x0000000084500000, 0x0000000084500000| Untracked 
|  30|0x0000000084600000, 0x0000000084600000, 0x0000000084700000|  0%| F|  |TAMS 0x0000000084600000, 0x0000000084600000| Untracked 
|  31|0x0000000084700000, 0x0000000084700000, 0x0000000084800000|  0%| F|  |TAMS 0x0000000084700000, 0x0000000084700000| Untracked 
|  32|0x0000000084800000, 0x0000000084800000, 0x0000000084900000|  0%| F|  |TAMS 0x0000000084800000, 0x0000000084800000| Untracked 
|  33|0x0000000084900000, 0x0000000084900000, 0x0000000084a00000|  0%| F|  |TAMS 0x0000000084900000, 0x0000000084900000| Untracked 
|  34|0x0000000084a00000, 0x0000000084a00000, 0x0000000084b00000|  0%| F|  |TAMS 0x0000000084a00000, 0x0000000084a00000| Untracked 
|  35|0x0000000084b00000, 0x0000000084b00000, 0x0000000084c00000|  0%| F|  |TAMS 0x0000000084b00000, 0x0000000084b00000| Untracked 
|  36|0x0000000084c00000, 0x0000000084c00000, 0x0000000084d00000|  0%| F|  |TAMS 0x0000000084c00000, 0x0000000084c00000| Untracked 
|  37|0x0000000084d00000, 0x0000000084d00000, 0x0000000084e00000|  0%| F|  |TAMS 0x0000000084d00000, 0x0000000084d00000| Untracked 
|  38|0x0000000084e00000, 0x0000000084e00000, 0x0000000084f00000|  0%| F|  |TAMS 0x0000000084e00000, 0x0000000084e00000| Untracked 
|  39|0x0000000084f00000, 0x0000000084f00000, 0x0000000085000000|  0%| F|  |TAMS 0x0000000084f00000, 0x0000000084f00000| Untracked 
|  40|0x0000000085000000, 0x0000000085000000, 0x0000000085100000|  0%| F|  |TAMS 0x0000000085000000, 0x0000000085000000| Untracked 
|  41|0x0000000085100000, 0x0000000085100000, 0x0000000085200000|  0%| F|  |TAMS 0x0000000085100000, 0x0000000085100000| Untracked 
|  42|0x0000000085200000, 0x0000000085200000, 0x0000000085300000|  0%| F|  |TAMS 0x0000000085200000, 0x0000000085200000| Untracked 
|  43|0x0000000085300000, 0x0000000085300000, 0x0000000085400000|  0%| F|  |TAMS 0x0000000085300000, 0x0000000085300000| Untracked 
|  44|0x0000000085400000, 0x0000000085400000, 0x0000000085500000|  0%| F|  |TAMS 0x0000000085400000, 0x0000000085400000| Untracked 
|  45|0x0000000085500000, 0x0000000085500000, 0x0000000085600000|  0%| F|  |TAMS 0x0000000085500000, 0x0000000085500000| Untracked 
|  46|0x0000000085600000, 0x0000000085600000, 0x0000000085700000|  0%| F|  |TAMS 0x0000000085600000, 0x0000000085600000| Untracked 
|  47|0x0000000085700000, 0x0000000085700000, 0x0000000085800000|  0%| F|  |TAMS 0x0000000085700000, 0x0000000085700000| Untracked 
|  48|0x0000000085800000, 0x0000000085800000, 0x0000000085900000|  0%| F|  |TAMS 0x0000000085800000, 0x0000000085800000| Untracked 
|  49|0x0000000085900000, 0x0000000085900000, 0x0000000085a00000|  0%| F|  |TAMS 0x0000000085900000, 0x0000000085900000| Untracked 
|  50|0x0000000085a00000, 0x0000000085a00000, 0x0000000085b00000|  0%| F|  |TAMS 0x0000000085a00000, 0x0000000085a00000| Untracked 
|  51|0x0000000085b00000, 0x0000000085b00000, 0x0000000085c00000|  0%| F|  |TAMS 0x0000000085b00000, 0x0000000085b00000| Untracked 
|  52|0x0000000085c00000, 0x0000000085c00000, 0x0000000085d00000|  0%| F|  |TAMS 0x0000000085c00000, 0x0000000085c00000| Untracked 
|  53|0x0000000085d00000, 0x0000000085d00000, 0x0000000085e00000|  0%| F|  |TAMS 0x0000000085d00000, 0x0000000085d00000| Untracked 
|  54|0x0000000085e00000, 0x0000000085e00000, 0x0000000085f00000|  0%| F|  |TAMS 0x0000000085e00000, 0x0000000085e00000| Untracked 
|  55|0x0000000085f00000, 0x0000000085f00000, 0x0000000086000000|  0%| F|  |TAMS 0x0000000085f00000, 0x0000000085f00000| Untracked 
|  56|0x0000000086000000, 0x0000000086000000, 0x0000000086100000|  0%| F|  |TAMS 0x0000000086000000, 0x0000000086000000| Untracked 
|  57|0x0000000086100000, 0x0000000086100000, 0x0000000086200000|  0%| F|  |TAMS 0x0000000086100000, 0x0000000086100000| Untracked 
|  58|0x0000000086200000, 0x0000000086200000, 0x0000000086300000|  0%| F|  |TAMS 0x0000000086200000, 0x0000000086200000| Untracked 
|  59|0x0000000086300000, 0x0000000086300000, 0x0000000086400000|  0%| F|  |TAMS 0x0000000086300000, 0x0000000086300000| Untracked 
|  60|0x0000000086400000, 0x0000000086400000, 0x0000000086500000|  0%| F|  |TAMS 0x0000000086400000, 0x0000000086400000| Untracked 
|  61|0x0000000086500000, 0x0000000086500000, 0x0000000086600000|  0%| F|  |TAMS 0x0000000086500000, 0x0000000086500000| Untracked 
|  62|0x0000000086600000, 0x0000000086600000, 0x0000000086700000|  0%| F|  |TAMS 0x0000000086600000, 0x0000000086600000| Untracked 
|  63|0x0000000086700000, 0x0000000086700000, 0x0000000086800000|  0%| F|  |TAMS 0x0000000086700000, 0x0000000086700000| Untracked 
|  64|0x0000000086800000, 0x0000000086800000, 0x0000000086900000|  0%| F|  |TAMS 0x0000000086800000, 0x0000000086800000| Untracked 
|  65|0x0000000086900000, 0x0000000086900000, 0x0000000086a00000|  0%| F|  |TAMS 0x0000000086900000, 0x0000000086900000| Untracked 
|  66|0x0000000086a00000, 0x0000000086a00000, 0x0000000086b00000|  0%| F|  |TAMS 0x0000000086a00000, 0x0000000086a00000| Untracked 
|  67|0x0000000086b00000, 0x0000000086b00000, 0x0000000086c00000|  0%| F|  |TAMS 0x0000000086b00000, 0x0000000086b00000| Untracked 
|  68|0x0000000086c00000, 0x0000000086c00000, 0x0000000086d00000|  0%| F|  |TAMS 0x0000000086c00000, 0x0000000086c00000| Untracked 
|  69|0x0000000086d00000, 0x0000000086d00000, 0x0000000086e00000|  0%| F|  |TAMS 0x0000000086d00000, 0x0000000086d00000| Untracked 
|  70|0x0000000086e00000, 0x0000000086e00000, 0x0000000086f00000|  0%| F|  |TAMS 0x0000000086e00000, 0x0000000086e00000| Untracked 
|  71|0x0000000086f00000, 0x0000000086f00000, 0x0000000087000000|  0%| F|  |TAMS 0x0000000086f00000, 0x0000000086f00000| Untracked 
|  72|0x0000000087000000, 0x0000000087000000, 0x0000000087100000|  0%| F|  |TAMS 0x0000000087000000, 0x0000000087000000| Untracked 
|  73|0x0000000087100000, 0x0000000087100000, 0x0000000087200000|  0%| F|  |TAMS 0x0000000087100000, 0x0000000087100000| Untracked 
|  74|0x0000000087200000, 0x0000000087200000, 0x0000000087300000|  0%| F|  |TAMS 0x0000000087200000, 0x0000000087200000| Untracked 
|  75|0x0000000087300000, 0x0000000087300000, 0x0000000087400000|  0%| F|  |TAMS 0x0000000087300000, 0x0000000087300000| Untracked 
|  76|0x0000000087400000, 0x0000000087400000, 0x0000000087500000|  0%| F|  |TAMS 0x0000000087400000, 0x0000000087400000| Untracked 
|  77|0x0000000087500000, 0x0000000087500000, 0x0000000087600000|  0%| F|  |TAMS 0x0000000087500000, 0x0000000087500000| Untracked 
|  78|0x0000000087600000, 0x0000000087600000, 0x0000000087700000|  0%| F|  |TAMS 0x0000000087600000, 0x0000000087600000| Untracked 
|  79|0x0000000087700000, 0x0000000087700000, 0x0000000087800000|  0%| F|  |TAMS 0x0000000087700000, 0x0000000087700000| Untracked 
|  80|0x0000000087800000, 0x0000000087800000, 0x0000000087900000|  0%| F|  |TAMS 0x0000000087800000, 0x0000000087800000| Untracked 
|  81|0x0000000087900000, 0x0000000087900000, 0x0000000087a00000|  0%| F|  |TAMS 0x0000000087900000, 0x0000000087900000| Untracked 
|  82|0x0000000087a00000, 0x0000000087a00000, 0x0000000087b00000|  0%| F|  |TAMS 0x0000000087a00000, 0x0000000087a00000| Untracked 
|  83|0x0000000087b00000, 0x0000000087ba6140, 0x0000000087c00000| 64%| S|CS|TAMS 0x0000000087b00000, 0x0000000087b00000| Complete 
|  84|0x0000000087c00000, 0x0000000087d00000, 0x0000000087d00000|100%| S|CS|TAMS 0x0000000087c00000, 0x0000000087c00000| Complete 
|  85|0x0000000087d00000, 0x0000000087e00000, 0x0000000087e00000|100%| S|CS|TAMS 0x0000000087d00000, 0x0000000087d00000| Complete 
|  86|0x0000000087e00000, 0x0000000087f00000, 0x0000000087f00000|100%| S|CS|TAMS 0x0000000087e00000, 0x0000000087e00000| Complete 
|  87|0x0000000087f00000, 0x0000000088000000, 0x0000000088000000|100%| S|CS|TAMS 0x0000000087f00000, 0x0000000087f00000| Complete 
|  88|0x0000000088000000, 0x0000000088100000, 0x0000000088100000|100%| S|CS|TAMS 0x0000000088000000, 0x0000000088000000| Complete 
|  89|0x0000000088100000, 0x0000000088200000, 0x0000000088200000|100%| S|CS|TAMS 0x0000000088100000, 0x0000000088100000| Complete 
|  90|0x0000000088200000, 0x0000000088200000, 0x0000000088300000|  0%| F|  |TAMS 0x0000000088200000, 0x0000000088200000| Untracked 
|  91|0x0000000088300000, 0x0000000088300000, 0x0000000088400000|  0%| F|  |TAMS 0x0000000088300000, 0x0000000088300000| Untracked 
|  92|0x0000000088400000, 0x0000000088400000, 0x0000000088500000|  0%| F|  |TAMS 0x0000000088400000, 0x0000000088400000| Untracked 
|  93|0x0000000088500000, 0x0000000088500000, 0x0000000088600000|  0%| F|  |TAMS 0x0000000088500000, 0x0000000088500000| Untracked 
|  94|0x0000000088600000, 0x0000000088600000, 0x0000000088700000|  0%| F|  |TAMS 0x0000000088600000, 0x0000000088600000| Untracked 
|  95|0x0000000088700000, 0x0000000088700000, 0x0000000088800000|  0%| F|  |TAMS 0x0000000088700000, 0x0000000088700000| Untracked 
|  96|0x0000000088800000, 0x0000000088800000, 0x0000000088900000|  0%| F|  |TAMS 0x0000000088800000, 0x0000000088800000| Untracked 
|  97|0x0000000088900000, 0x0000000088900000, 0x0000000088a00000|  0%| F|  |TAMS 0x0000000088900000, 0x0000000088900000| Untracked 
|  98|0x0000000088a00000, 0x0000000088a00000, 0x0000000088b00000|  0%| F|  |TAMS 0x0000000088a00000, 0x0000000088a00000| Untracked 
|  99|0x0000000088b00000, 0x0000000088b00000, 0x0000000088c00000|  0%| F|  |TAMS 0x0000000088b00000, 0x0000000088b00000| Untracked 
| 100|0x0000000088c00000, 0x0000000088c00000, 0x0000000088d00000|  0%| F|  |TAMS 0x0000000088c00000, 0x0000000088c00000| Untracked 
| 101|0x0000000088d00000, 0x0000000088db6a60, 0x0000000088e00000| 71%| E|  |TAMS 0x0000000088d00000, 0x0000000088d00000| Complete 
| 102|0x0000000088e00000, 0x0000000088f00000, 0x0000000088f00000|100%| E|CS|TAMS 0x0000000088e00000, 0x0000000088e00000| Complete 
| 103|0x0000000088f00000, 0x0000000089000000, 0x0000000089000000|100%| E|CS|TAMS 0x0000000088f00000, 0x0000000088f00000| Complete 
| 104|0x0000000089000000, 0x0000000089100000, 0x0000000089100000|100%| E|CS|TAMS 0x0000000089000000, 0x0000000089000000| Complete 
| 105|0x0000000089100000, 0x0000000089200000, 0x0000000089200000|100%| E|CS|TAMS 0x0000000089100000, 0x0000000089100000| Complete 
| 106|0x0000000089200000, 0x0000000089300000, 0x0000000089300000|100%| E|CS|TAMS 0x0000000089200000, 0x0000000089200000| Complete 
| 107|0x0000000089300000, 0x0000000089400000, 0x0000000089400000|100%| E|CS|TAMS 0x0000000089300000, 0x0000000089300000| Complete 
| 108|0x0000000089400000, 0x0000000089500000, 0x0000000089500000|100%| E|CS|TAMS 0x0000000089400000, 0x0000000089400000| Complete 
| 109|0x0000000089500000, 0x0000000089600000, 0x0000000089600000|100%| E|CS|TAMS 0x0000000089500000, 0x0000000089500000| Complete 
| 110|0x0000000089600000, 0x0000000089700000, 0x0000000089700000|100%| E|CS|TAMS 0x0000000089600000, 0x0000000089600000| Complete 
| 111|0x0000000089700000, 0x0000000089800000, 0x0000000089800000|100%| E|CS|TAMS 0x0000000089700000, 0x0000000089700000| Complete 
| 112|0x0000000089800000, 0x0000000089900000, 0x0000000089900000|100%| E|CS|TAMS 0x0000000089800000, 0x0000000089800000| Complete 
| 113|0x0000000089900000, 0x0000000089a00000, 0x0000000089a00000|100%| E|CS|TAMS 0x0000000089900000, 0x0000000089900000| Complete 
| 114|0x0000000089a00000, 0x0000000089b00000, 0x0000000089b00000|100%| E|CS|TAMS 0x0000000089a00000, 0x0000000089a00000| Complete 
| 115|0x0000000089b00000, 0x0000000089c00000, 0x0000000089c00000|100%| E|CS|TAMS 0x0000000089b00000, 0x0000000089b00000| Complete 
| 116|0x0000000089c00000, 0x0000000089d00000, 0x0000000089d00000|100%| E|CS|TAMS 0x0000000089c00000, 0x0000000089c00000| Complete 
| 117|0x0000000089d00000, 0x0000000089e00000, 0x0000000089e00000|100%| E|CS|TAMS 0x0000000089d00000, 0x0000000089d00000| Complete 
| 118|0x0000000089e00000, 0x0000000089f00000, 0x0000000089f00000|100%| E|CS|TAMS 0x0000000089e00000, 0x0000000089e00000| Complete 
| 119|0x0000000089f00000, 0x000000008a000000, 0x000000008a000000|100%| E|CS|TAMS 0x0000000089f00000, 0x0000000089f00000| Complete 
| 120|0x000000008a000000, 0x000000008a100000, 0x000000008a100000|100%| E|CS|TAMS 0x000000008a000000, 0x000000008a000000| Complete 
| 121|0x000000008a100000, 0x000000008a200000, 0x000000008a200000|100%| E|CS|TAMS 0x000000008a100000, 0x000000008a100000| Complete 
| 122|0x000000008a200000, 0x000000008a300000, 0x000000008a300000|100%| E|CS|TAMS 0x000000008a200000, 0x000000008a200000| Complete 
| 123|0x000000008a300000, 0x000000008a400000, 0x000000008a400000|100%| E|CS|TAMS 0x000000008a300000, 0x000000008a300000| Complete 
| 124|0x000000008a400000, 0x000000008a500000, 0x000000008a500000|100%| E|CS|TAMS 0x000000008a400000, 0x000000008a400000| Complete 
| 125|0x000000008a500000, 0x000000008a600000, 0x000000008a600000|100%| E|CS|TAMS 0x000000008a500000, 0x000000008a500000| Complete 

Card table byte_map: [0x000001525c440000,0x000001525c830000] _byte_map_base: 0x000001525c02c000

Marking Bits (Prev, Next): (CMBitMap*) 0x000001524569a1e0, (CMBitMap*) 0x000001524569a1a8
 Prev Bits: [0x000001525eb80000, 0x0000015260ae0000)
 Next Bits: [0x000001525cc20000, 0x000001525eb80000)

Polling page: 0x0000015243620000

Metaspace:

Usage:
  Non-class:     21.67 MB capacity,    21.31 MB ( 98%) used,   309.02 KB (  1%) free+waste,    61.06 KB ( <1%) overhead. 
      Class:      2.98 MB capacity,     2.75 MB ( 92%) used,   208.65 KB (  7%) free+waste,    30.62 KB (  1%) overhead. 
       Both:     24.66 MB capacity,    24.06 MB ( 98%) used,   517.67 KB (  2%) free+waste,    91.69 KB ( <1%) overhead. 

Virtual space:
  Non-class space:       22.00 MB reserved,      21.75 MB ( 99%) committed 
      Class space:        1.00 GB reserved,       3.00 MB ( <1%) committed 
             Both:        1.02 GB reserved,      24.75 MB (  2%) committed 

Chunk freelists:
   Non-Class:  1.88 KB
       Class:  0 bytes
        Both:  1.88 KB

CodeHeap 'non-profiled nmethods': size=120000Kb used=638Kb max_used=638Kb free=119361Kb
 bounds [0x00000152547f0000, 0x0000015254a60000, 0x000001525bd20000]
CodeHeap 'profiled nmethods': size=120000Kb used=3363Kb max_used=3363Kb free=116636Kb
 bounds [0x000001524d2c0000, 0x000001524d610000, 0x00000152547f0000]
CodeHeap 'non-nmethods': size=5760Kb used=1172Kb max_used=1202Kb free=4587Kb
 bounds [0x000001524cd20000, 0x000001524cf90000, 0x000001524d2c0000]
 total_blobs=2315 nmethods=1800 adapters=426
 compilation: enabled
              stopped_count=0, restarted_count=0
 full_count=0

Compilation events (10 events):
Event: 8.155 Thread 0x0000015263e7d000 nmethod 1778 0x000001524d606010 code [0x000001524d6061a0, 0x000001524d6062f8]
Event: 8.156 Thread 0x0000015263e7d000 1779       3       java.lang.invoke.LambdaForm$Name::replaceNames (174 bytes)
Event: 8.158 Thread 0x0000015263e7d000 nmethod 1779 0x000001524d606390 code [0x000001524d6065c0, 0x000001524d607138]
Event: 8.159 Thread 0x0000015263e7d000 1780       3       jdk.internal.org.objectweb.asm.Type::getDescriptor (87 bytes)
Event: 8.160 Thread 0x0000015263e7d000 nmethod 1780 0x000001524d607490 code [0x000001524d6076a0, 0x000001524d607b88]
Event: 8.160 Thread 0x0000015263e7d000 1781       3       jdk.internal.org.objectweb.asm.Type::getDescriptor (18 bytes)
Event: 8.161 Thread 0x0000015263e7d000 nmethod 1781 0x000001524d607e10 code [0x000001524d608020, 0x000001524d608658]
Event: 8.161 Thread 0x0000015263e7d000 1785       3       java.lang.invoke.InvokerBytecodeGenerator::emitStoreResult (27 bytes)
Event: 8.161 Thread 0x0000015263e7d000 nmethod 1785 0x000001524d608890 code [0x000001524d608a60, 0x000001524d608d98]
Event: 8.161 Thread 0x0000015263e7d000 1787   !   3       java.lang.invoke.MemberName::getFieldType (177 bytes)

GC Heap History (4 events):
Event: 2.307 GC heap before
{Heap before GC invocations=0 (full 0):
 garbage-first heap   total 129024K, used 23552K [0x0000000082800000, 0x0000000100000000)
  region size 1024K, 24 young (24576K), 0 survivors (0K)
 Metaspace       used 12452K, capacity 12659K, committed 12928K, reserved 1060864K
  class space    used 1277K, capacity 1381K, committed 1408K, reserved 1048576K
}
Event: 2.313 GC heap after
{Heap after GC invocations=1 (full 0):
 garbage-first heap   total 129024K, used 4413K [0x0000000082800000, 0x0000000100000000)
  region size 1024K, 3 young (3072K), 3 survivors (3072K)
 Metaspace       used 12452K, capacity 12659K, committed 12928K, reserved 1060864K
  class space    used 1277K, capacity 1381K, committed 1408K, reserved 1048576K
}
Event: 5.653 GC heap before
{Heap before GC invocations=1 (full 0):
 garbage-first heap   total 129024K, used 37181K [0x0000000082800000, 0x0000000100000000)
  region size 1024K, 36 young (36864K), 3 survivors (3072K)
 Metaspace       used 20612K, capacity 21101K, committed 21248K, reserved 1069056K
  class space    used 2264K, capacity 2459K, committed 2560K, reserved 1048576K
}
Event: 5.661 GC heap after
{Heap after GC invocations=2 (full 0):
 garbage-first heap   total 129024K, used 8149K [0x0000000082800000, 0x0000000100000000)
  region size 1024K, 7 young (7168K), 7 survivors (7168K)
 Metaspace       used 20612K, capacity 21101K, committed 21248K, reserved 1069056K
  class space    used 2264K, capacity 2459K, committed 2560K, reserved 1048576K
}

Deoptimization events (10 events):
Event: 0.187 Thread 0x000001524565e800 Uncommon trap: reason=unstable_if action=reinterpret pc=0x00000152547f1570 method=java.lang.String.isLatin1()Z @ 10 c2
Event: 0.537 Thread 0x000001524565e800 Uncommon trap: reason=unstable_if action=reinterpret pc=0x00000152547fc010 method=java.util.zip.ZipFile$Source.isMetaName([BII)Z @ 43 c2
Event: 0.740 Thread 0x000001524565e800 Uncommon trap: reason=unstable_if action=reinterpret pc=0x0000015254812a34 method=java.lang.String.startsWith(Ljava/lang/String;I)Z @ 14 c2
Event: 0.850 Thread 0x000001524565e800 Uncommon trap: reason=unstable_if action=reinterpret pc=0x000001525481c774 method=java.io.WinNTFileSystem.normalize(Ljava/lang/String;)Ljava/lang/String; @ 40 c2
Event: 0.850 Thread 0x000001524565e800 Uncommon trap: reason=unstable_if action=reinterpret pc=0x00000152547fd160 method=java.io.WinNTFileSystem.isSlash(C)Z @ 9 c2
Event: 2.632 Thread 0x000001524565e800 Uncommon trap: reason=unstable_if action=reinterpret pc=0x000001525482cbc8 method=java.lang.Integer.getChars(II[B)I @ 25 c2
Event: 3.545 Thread 0x000001524565e800 Uncommon trap: reason=unstable_if action=reinterpret pc=0x0000015254859918 method=java.lang.String.replace(CC)Ljava/lang/String; @ 2 c2
Event: 5.500 Thread 0x000001524565e800 Uncommon trap: reason=unstable_if action=reinterpret pc=0x0000015254854018 method=java.io.ByteArrayInputStream.read([BII)I @ 35 c2
Event: 7.965 Thread 0x000001524565e800 Uncommon trap: reason=class_check action=maybe_recompile pc=0x0000015254842220 method=java.util.HashMap.putVal(ILjava/lang/Object;Ljava/lang/Object;ZZ)Ljava/lang/Object; @ 253 c2
Event: 7.992 Thread 0x000001524565e800 Uncommon trap: reason=unstable_if action=reinterpret pc=0x0000015254844d6c method=java.util.concurrent.ConcurrentHashMap.putVal(Ljava/lang/Object;Ljava/lang/Object;Z)Ljava/lang/Object; @ 231 c2

Classes redefined (0 events):
No events

Internal exceptions (10 events):
Event: 5.407 Thread 0x000001524565e800 Exception <a 'java/lang/NoSuchMethodError'{0x00000000888b9ae8}: java.lang.invoke.DirectMethodHandle$Holder.invokeVirtual(Ljava/lang/Object;Ljava/lang/Object;)F> (0x00000000888b9ae8) thrown at [./open/src/hotspot/share/interpreter/linkResolver.cpp, line 77
Event: 5.408 Thread 0x000001524565e800 Exception <a 'java/lang/NoSuchMethodError'{0x00000000888c2040}: java.lang.invoke.DirectMethodHandle$Holder.invokeVirtual(Ljava/lang/Object;Ljava/lang/Object;)J> (0x00000000888c2040) thrown at [./open/src/hotspot/share/interpreter/linkResolver.cpp, line 77
Event: 5.424 Thread 0x000001524565e800 Exception <a 'java/lang/NoSuchMethodError'{0x0000000088705c48}: java.lang.invoke.DirectMethodHandle$Holder.invokeVirtual(Ljava/lang/Object;Ljava/lang/Object;Ljava/lang/Object;)Ljava/lang/Object;> (0x0000000088705c48) thrown at [./open/src/hotspot/share/in
Event: 5.477 Thread 0x000001524565e800 Exception <a 'java/lang/NoSuchMethodError'{0x0000000088652bd8}: java.lang.invoke.DirectMethodHandle$Holder.invokeStatic(Ljava/lang/Object;Ljava/lang/Object;I)V> (0x0000000088652bd8) thrown at [./open/src/hotspot/share/interpreter/linkResolver.cpp, line 77
Event: 5.579 Thread 0x000001524565e800 Exception <a 'java/lang/NoSuchMethodError'{0x000000008830fdc0}: java.lang.invoke.DirectMethodHandle$Holder.invokeSpecialIFC(Ljava/lang/Object;Ljava/lang/Object;Ljava/lang/Object;)I> (0x000000008830fdc0) thrown at [./open/src/hotspot/share/interpreter/link
Event: 5.595 Thread 0x000001524565e800 Exception <a 'java/lang/NoSuchMethodError'{0x0000000088371d90}: java.lang.invoke.DirectMethodHandle$Holder.invokeStatic(Ljava/lang/Object;Ljava/lang/Object;Ljava/lang/Object;Ljava/lang/Object;Ljava/lang/Object;)V> (0x0000000088371d90) thrown at [./open/sr
Event: 5.644 Thread 0x000001524565e800 Exception <a 'java/lang/NoSuchMethodError'{0x00000000882a1b00}: java.lang.invoke.DirectMethodHandle$Holder.invokeStatic(Ljava/lang/Object;Ljava/lang/Object;Ljava/lang/Object;Ljava/lang/Object;)V> (0x00000000882a1b00) thrown at [./open/src/hotspot/share/in
Event: 5.796 Thread 0x000001524565e800 Exception <a 'java/lang/NoSuchMethodError'{0x000000008a2ae6b8}: java.lang.invoke.DirectMethodHandle$Holder.invokeSpecial(Ljava/lang/Object;Ljava/lang/Object;Ljava/lang/Object;Ljava/lang/Object;Ljava/lang/Object;Ljava/lang/Object;)V> (0x000000008a2ae6b8) t
Event: 7.954 Thread 0x000001524565e800 Exception <a 'java/lang/NoSuchMethodError'{0x0000000089366ec8}: java.lang.invoke.DirectMethodHandle$Holder.invokeSpecialIFC(Ljava/lang/Object;Ljava/lang/Object;Ljava/lang/Object;)Ljava/lang/Object;> (0x0000000089366ec8) thrown at [./open/src/hotspot/share
Event: 8.145 Thread 0x000001526470b800 Exception <a 'java/lang/NoSuchMethodError'{0x0000000088ffca40}: java.lang.invoke.DirectMethodHandle$Holder.invokeStatic(Ljava/lang/Object;ILjava/lang/Object;)Ljava/lang/Object;> (0x0000000088ffca40) thrown at [./open/src/hotspot/share/interpreter/linkReso

Events (10 events):
Event: 8.150 loading class java/lang/StackStreamFactory$StackFrameTraverser$StackFrameBuffer
Event: 8.150 loading class java/lang/StackStreamFactory$FrameBuffer
Event: 8.150 loading class java/lang/StackStreamFactory$FrameBuffer done
Event: 8.150 loading class java/lang/StackStreamFactory$StackFrameTraverser$StackFrameBuffer done
Event: 8.152 Executing VM operation: RevokeBias
Event: 8.152 Executing VM operation: RevokeBias done
Event: 8.160 loading class java/lang/invoke/BoundMethodHandle$Species_LLLLLLL
Event: 8.160 loading class java/lang/invoke/BoundMethodHandle$Species_LLLLLLL done
Event: 8.162 loading class java/lang/invoke/BoundMethodHandle$Species_LLLLLLLL
Event: 8.162 loading class java/lang/invoke/BoundMethodHandle$Species_LLLLLLLL done


Dynamic libraries:
0x00007ff6d7230000 - 0x00007ff6d7240000 	C:\Program Files\Java\jdk-11\bin\javaw.exe
0x00007ffca9b30000 - 0x00007ffca9d44000 	C:\WINDOWS\SYSTEM32\ntdll.dll
0x00007ffc81a50000 - 0x00007ffc81a69000 	C:\Program Files\AVAST Software\Avast\aswhook.dll
0x00007ffca89a0000 - 0x00007ffca8a63000 	C:\WINDOWS\System32\KERNEL32.DLL
0x00007ffca71f0000 - 0x00007ffca758c000 	C:\WINDOWS\System32\KERNELBASE.dll
0x00007ffca7820000 - 0x00007ffca7931000 	C:\WINDOWS\System32\ucrtbase.dll
0x00007ffc9fe30000 - 0x00007ffc9fe48000 	C:\Program Files\Java\jdk-11\bin\jli.dll
0x00007ffc9fdf0000 - 0x00007ffc9fe0b000 	C:\Program Files\Java\jdk-11\bin\VCRUNTIME140.dll
0x00007ffca8a70000 - 0x00007ffca8b1e000 	C:\WINDOWS\System32\ADVAPI32.dll
0x00007ffca8b20000 - 0x00007ffca8bc7000 	C:\WINDOWS\System32\msvcrt.dll
0x00007ffca84a0000 - 0x00007ffca8544000 	C:\WINDOWS\System32\sechost.dll
0x00007ffca8cb0000 - 0x00007ffca8dc5000 	C:\WINDOWS\System32\RPCRT4.dll
0x00007ffca9130000 - 0x00007ffca92dd000 	C:\WINDOWS\System32\USER32.dll
0x00007ffca6f70000 - 0x00007ffca6f96000 	C:\WINDOWS\System32\win32u.dll
0x00007ffca7c40000 - 0x00007ffca7c69000 	C:\WINDOWS\System32\GDI32.dll
0x00007ffca7700000 - 0x00007ffca7812000 	C:\WINDOWS\System32\gdi32full.dll
0x00007ffca7010000 - 0x00007ffca70aa000 	C:\WINDOWS\System32\msvcp_win.dll
0x00007ffc85fe0000 - 0x00007ffc8626e000 	C:\WINDOWS\WinSxS\amd64_microsoft.windows.common-controls_6595b64144ccf1df_6.0.22621.608_none_a9444ca7c10bb01d\COMCTL32.dll
0x00007ffc9f120000 - 0x00007ffc9f12a000 	C:\WINDOWS\SYSTEM32\VERSION.dll
0x00007ffca8dd0000 - 0x00007ffca8e02000 	C:\WINDOWS\System32\IMM32.DLL
0x00007ffca2170000 - 0x00007ffca217c000 	C:\Program Files\Java\jdk-11\bin\vcruntime140_1.dll
0x00007ffc8cd70000 - 0x00007ffc8cdfe000 	C:\Program Files\Java\jdk-11\bin\msvcp140.dll
0x00007ffc54780000 - 0x00007ffc552e8000 	C:\Program Files\Java\jdk-11\bin\server\jvm.dll
0x00007ffca8990000 - 0x00007ffca8998000 	C:\WINDOWS\System32\PSAPI.DLL
0x00007ffc96390000 - 0x00007ffc96399000 	C:\WINDOWS\SYSTEM32\WSOCK32.dll
0x00007ffc9f4e0000 - 0x00007ffc9f514000 	C:\WINDOWS\SYSTEM32\WINMM.dll
0x00007ffca7c70000 - 0x00007ffca7ce1000 	C:\WINDOWS\System32\WS2_32.dll
0x00007ffca60b0000 - 0x00007ffca60c8000 	C:\WINDOWS\SYSTEM32\kernel.appcore.dll
0x00007ffca15a0000 - 0x00007ffca15b0000 	C:\Program Files\Java\jdk-11\bin\verify.dll
0x00007ffca4b20000 - 0x00007ffca4d4e000 	C:\WINDOWS\SYSTEM32\DBGHELP.DLL
0x00007ffca8550000 - 0x00007ffca88da000 	C:\WINDOWS\System32\combase.dll
0x00007ffca8f30000 - 0x00007ffca9007000 	C:\WINDOWS\System32\OLEAUT32.dll
0x00007ffc9dd70000 - 0x00007ffc9dda2000 	C:\WINDOWS\SYSTEM32\dbgcore.DLL
0x00007ffca70b0000 - 0x00007ffca712b000 	C:\WINDOWS\System32\bcryptPrimitives.dll
0x00007ffc9b6a0000 - 0x00007ffc9b6c8000 	C:\Program Files\Java\jdk-11\bin\java.dll
0x00007ffca1500000 - 0x00007ffca150a000 	C:\Program Files\Java\jdk-11\bin\jimage.dll
0x00007ffc9f130000 - 0x00007ffc9f147000 	C:\Program Files\Java\jdk-11\bin\zip.dll
0x00007ffca92e0000 - 0x00007ffca9acf000 	C:\WINDOWS\System32\SHELL32.dll
0x00007ffca4f90000 - 0x00007ffca5858000 	C:\WINDOWS\SYSTEM32\windows.storage.dll
0x00007ffca4e50000 - 0x00007ffca4f8e000 	C:\WINDOWS\SYSTEM32\wintypes.dll
0x00007ffca79a0000 - 0x00007ffca7a91000 	C:\WINDOWS\System32\SHCORE.dll
0x00007ffca7df0000 - 0x00007ffca7e4e000 	C:\WINDOWS\System32\shlwapi.dll
0x00007ffca6ea0000 - 0x00007ffca6ec1000 	C:\WINDOWS\SYSTEM32\profapi.dll
0x00007ffc91b50000 - 0x00007ffc91b69000 	C:\Program Files\Java\jdk-11\bin\net.dll
0x00007ffc9e830000 - 0x00007ffc9e95f000 	C:\WINDOWS\SYSTEM32\WINHTTP.dll
0x00007ffca6520000 - 0x00007ffca6589000 	C:\WINDOWS\system32\mswsock.dll
0x00007ffc91b30000 - 0x00007ffc91b42000 	C:\Program Files\Java\jdk-11\bin\nio.dll
0x00007ffca5ba0000 - 0x00007ffca5c93000 	C:\WINDOWS\SYSTEM32\DNSAPI.dll
0x00007ffca5b70000 - 0x00007ffca5b9d000 	C:\WINDOWS\SYSTEM32\IPHLPAPI.DLL
0x00007ffca8490000 - 0x00007ffca8499000 	C:\WINDOWS\System32\NSI.dll
0x00007ffc9ada0000 - 0x00007ffc9adaa000 	C:\Windows\System32\rasadhlp.dll
0x00007ffc9c350000 - 0x00007ffc9c3d3000 	C:\WINDOWS\System32\fwpuclnt.dll
0x00007ffca6770000 - 0x00007ffca678b000 	C:\WINDOWS\SYSTEM32\CRYPTSP.dll
0x00007ffca6020000 - 0x00007ffca6055000 	C:\WINDOWS\system32\rsaenh.dll
0x00007ffca6610000 - 0x00007ffca6638000 	C:\WINDOWS\SYSTEM32\USERENV.dll
0x00007ffca6930000 - 0x00007ffca6958000 	C:\WINDOWS\SYSTEM32\bcrypt.dll
0x00007ffca6790000 - 0x00007ffca679c000 	C:\WINDOWS\SYSTEM32\CRYPTBASE.dll
0x00007ffc9e6c0000 - 0x00007ffc9e6d9000 	C:\WINDOWS\SYSTEM32\dhcpcsvc6.DLL
0x00007ffc9e6a0000 - 0x00007ffc9e6bf000 	C:\WINDOWS\SYSTEM32\dhcpcsvc.DLL
0x00007ffca3f10000 - 0x00007ffca3fa7000 	C:\WINDOWS\system32\apphelp.dll
0x00007ffca3e20000 - 0x00007ffca3e29000 	C:\Program Files\Java\jdk-11\bin\management.dll
0x00007ffca3880000 - 0x00007ffca388b000 	C:\Program Files\Java\jdk-11\bin\management_ext.dll
0x00007ffc90b60000 - 0x00007ffc90b87000 	C:\Program Files\Java\jdk-11\bin\sunec.dll

dbghelp: loaded successfully - version: 4.0.5 - missing functions: none
symbol engine: initialized successfully - sym options: 0x614 - pdb path: .;C:\Program Files\Java\jdk-11\bin;C:\WINDOWS\SYSTEM32;C:\Program Files\AVAST Software\Avast;C:\WINDOWS\WinSxS\amd64_microsoft.windows.common-controls_6595b64144ccf1df_6.0.22621.608_none_a9444ca7c10bb01d;C:\Program Files\Java\jdk-11\bin\server

VM Arguments:
jvm_args: -Dfile.encoding=Cp1252 
java_command: Practice.Assignment_12_AppleVacations_GetTitleAndURL
java_class_path (initial): C:\Users\sujan\eclipse-workspace\Practice\target\test-classes;C:\Users\sujan\eclipse-workspace\Practice\target\classes;C:\Users\sujan\.m2\repository\org\seleniumhq\selenium\selenium-server\4.0.0-alpha-2\selenium-server-4.0.0-alpha-2.jar;C:\Users\sujan\.m2\repository\org\seleniumhq\selenium\grid\4.0.0-alpha-2\grid-4.0.0-alpha-2.jar;C:\Users\sujan\.m2\repository\org\seleniumhq\selenium\selenium-edgehtml-driver\4.0.0-alpha-2\selenium-edgehtml-driver-4.0.0-alpha-2.jar;C:\Users\sujan\.m2\repository\org\seleniumhq\selenium\jetty-repacked\9.4.12.v20180830.1\jetty-repacked-9.4.12.v20180830.1.jar;C:\Users\sujan\.m2\repository\javax\servlet\javax.servlet-api\3.1.0\javax.servlet-api-3.1.0.jar;C:\Users\sujan\.m2\repository\org\zeromq\jeromq\0.5.1\jeromq-0.5.1.jar;C:\Users\sujan\.m2\repository\eu\neilalexander\jnacl\1.0.0\jnacl-1.0.0.jar;C:\Users\sujan\.m2\repository\net\jcip\jcip-annotations\1.0\jcip-annotations-1.0.jar;C:\Users\sujan\.m2\repository\org\yaml\snakeyaml\1.24\snakeyaml-1.24.jar;C:\Users\sujan\.m2\repository\org\seleniumhq\selenium\selenium-java\4.8.1\selenium-java-4.8.1.jar;C:\Users\sujan\.m2\repository\org\seleniumhq\selenium\selenium-api\4.8.1\selenium-api-4.8.1.jar;C:\Users\sujan\.m2\repository\org\seleniumhq\selenium\selenium-chrome-driver\4.8.1\selenium-chrome-driver-4.8.1.jar;C:\Users\sujan\.m2\repository\com\google\auto\service\auto-service-annotations\1.0.1\auto-service-annotations-1.0.1.jar;C:\Users\sujan\.m2\repository\com\google\auto\service\auto-service\1.0.1\auto-service-1.0.1.jar;C:\Users\sujan\.m2\repository\com\google\auto\auto-common\1.2\auto-common-1.2.jar;C:\Users\sujan\.m2\repository\com\google\guava\guava\31.1-jre\guava-31.1-jre.jar;C:\Users\sujan\.m2\repository\com\google\guava\failureaccess\1.0.1\failureaccess-1.0.1.jar;C:\Users\sujan\.m2\repository\com\google\guava\listenablefuture\9999.0-empty-to-avoid-conflict-with-guava\listenablefuture-9999.0-empty-to-avoid-conflict-with-guava.jar;C:\Users\sujan\.m2\reposito
Launcher Type: SUN_STANDARD

[Global flags]
     intx CICompilerCount                          = 4                                         {product} {ergonomic}
     uint ConcGCThreads                            = 2                                         {product} {ergonomic}
     uint G1ConcRefinementThreads                  = 8                                         {product} {ergonomic}
   size_t G1HeapRegionSize                         = 1048576                                   {product} {ergonomic}
    uintx GCDrainStackTargetSize                   = 64                                        {product} {ergonomic}
   size_t InitialHeapSize                          = 132120576                                 {product} {ergonomic}
   size_t MarkStackSize                            = 4194304                                   {product} {ergonomic}
   size_t MaxHeapSize                              = 2105540608                                {product} {ergonomic}
   size_t MaxNewSize                               = 1262485504                                {product} {ergonomic}
   size_t MinHeapDeltaBytes                        = 1048576                                   {product} {ergonomic}
    uintx NonNMethodCodeHeapSize                   = 5836300                                {pd product} {ergonomic}
    uintx NonProfiledCodeHeapSize                  = 122910970                              {pd product} {ergonomic}
    uintx ProfiledCodeHeapSize                     = 122910970                              {pd product} {ergonomic}
    uintx ReservedCodeCacheSize                    = 251658240                              {pd product} {ergonomic}
     bool SegmentedCodeCache                       = true                                      {product} {ergonomic}
     bool UseCompressedClassPointers               = true                                 {lp64_product} {ergonomic}
     bool UseCompressedOops                        = true                                 {lp64_product} {ergonomic}
     bool UseG1GC                                  = true                                      {product} {ergonomic}
     bool UseLargePagesIndividualAllocation        = false                                  {pd product} {ergonomic}

Logging:
Log output configuration:
 #0: stdout all=warning uptime,level,tags
 #1: stderr all=off uptime,level,tags

Environment Variables:
PATH=C:\Program Files\Common Files\Oracle\Java\javapath;C:\mysoftwares\Python;C:\WINDOWS\system32;C:\WINDOWS;C:\WINDOWS\System32\Wbem;C:\WINDOWS\System32\WindowsPowerShell\v1.0\;C:\Program Files\Java\jdk-10.0.2\bin;C:\Program Files\Java\jre-10.0.2\bin;C:\Program Files\Git\cmd;C:\apache-maven-3.5.4-bin\apache-maven-3.5.4\bin;C:\WINDOWS\System32\OpenSSH\;C:\xampp\php;C:\composer;C:\Program Files\nodejs\;C:\Program Files\Intel\WiFi\bin\;C:\Program Files\Common Files\Intel\WirelessCommon\;C:\Program Files (x86)\Intel\Intel(R) Management Engine Components\DAL;C:\Program Files\Intel\Intel(R) Management Engine Components\DAL;C:\Users\sujan\AppData\Local\Microsoft\WindowsApps;C:\Program Files\MongoDB\Server\4.0\bin;C:\Users\sujan\AppData\Local\Programs\Microsoft VS Code\bin;C:\Users\sujan\AppData\Roaming\Composer\vendor\bin;C:\Users\sujan\AppData\Roaming\npm;
USERNAME=sujan
OS=Windows_NT
PROCESSOR_IDENTIFIER=Intel64 Family 6 Model 142 Stepping 10, GenuineIntel



---------------  S Y S T E M  ---------------

OS: Windows 11 , 64 bit Build 22621 (10.0.22621.1194)

CPU:total 8 (initial active 8) (4 cores per cpu, 2 threads per core) family 6 model 142 stepping 10 microcode 0xea, cmov, cx8, fxsr, mmx, sse, sse2, sse3, ssse3, sse4.1, sse4.2, popcnt, avx, avx2, aes, clmul, erms, 3dnowpref, lzcnt, ht, tsc, tscinvbit, bmi1, bmi2, adx, fma

Memory: 4k page, system-wide physical 8025M (348M free)
TotalPageFile size 9924M (AvailPageFile size 4M)
current process WorkingSet (physical memory assigned to process): 137M, peak: 139M
current process commit charge ("private bytes"): 256M, peak: 257M

vm_info: Java HotSpot(TM) 64-Bit Server VM (11.0.18+9-LTS-195) for windows-amd64 JRE (11.0.18+9-LTS-195), built on Dec  6 2022 15:50:58 by "mach5one" with MS VC++ 17.1 (VS2022)

END.
